14:37:54 **** Rebuild of configuration Debug for project EX_1 ****
Info: Internal Builder is used for build
gcc -O0 -g3 -Wall -c -fmessage-length=0 -o ex_1.o "..\\ex_1.c" 
gcc -o EX_1.exe ex_1.o 
Info: Nothing to build for EX_1
14:47:00 **** Incremental Build of configuration Debug for project EX_1 ****
Info: Internal Builder is used for build
gcc -O0 -g3 -Wall -c -fmessage-length=0 -o ex_1.o "..\\ex_1.c" 
gcc -o EX_1.exe ex_1.o 
14:47:57 **** Incremental Build of configuration Debug for project EX_1 ****
Info: Internal Builder is used for build
gcc -O0 -g3 -Wall -c -fmessage-length=0 -o ex_1.o "..\\ex_1.c" 
gcc -o EX_1.exe ex_1.o 
14:48:14 **** Incremental Build of configuration Debug for project EX_1 ****
Info: Internal Builder is used for build
gcc -O0 -g3 -Wall -c -fmessage-length=0 -o ex_1.o "..\\ex_1.c" 
gcc -o EX_1.exe ex_1.o 
14:48:23 **** Incremental Build of configuration Debug for project EX_1 ****
Info: Internal Builder is used for build
gcc -O0 -g3 -Wall -c -fmessage-length=0 -o ex_1.o "..\\ex_1.c" 
..\ex_1.c: In function 'main':
..\ex_1.c:12:14: warning: unused variable 'c' [-Wunused-variable]
   12 |         char c;
      |              ^
gcc -o EX_1.exe ex_1.o 
14:48:26 **** Incremental Build of configuration Debug for project EX_1 ****
Info: Internal Builder is used for build
gcc -O0 -g3 -Wall -c -fmessage-length=0 -o ex_1.o "..\\ex_1.c" 
gcc -o EX_1.exe ex_1.o 
14:58:27 **** Incremental Build of configuration Debug for project EX_1 ****
make all 
Building file: ../ex_1.c
Invoking: GCC C Compiler
gcc -O0 -g3 -Wall -c -fmessage-length=0 -MMD -MP -MF"ex_1.d" -MT"ex_1.o" -o "ex_1.o" "../ex_1.c"
Finished building: ../ex_1.c
 
Building target: EX_1.exe
Invoking: MinGW C Linker
gcc  -o "EX_1.exe" ./ex_1.o   
Finished building target: EX_1.exe
 
20:39:59 **** Build of configuration Debug for project EX_1 ****
make all 
Building file: ../ex_1.c
Invoking: GCC C Compiler
gcc -O0 -g3 -Wall -c -fmessage-length=0 -MMD -MP -MF"ex_1.d" -MT"ex_1.o" -o "ex_1.o" "../ex_1.c"
../ex_1.c:12:1: error: empty enum is invalid
   12 | }days;
      | ^
../ex_1.c: In function 'main':
../ex_1.c:15:13: warning: unused variable 'x' [-Wunused-variable]
   15 |         int x;
      |             ^
make: *** [subdir.mk:20: ex_1.o] Error 1
"make all" terminated with exit code 2. Build might be incomplete.
20:40:29 **** Incremental Build of configuration Debug for project EX_1 ****
make all 
Building file: ../ex_1.c
Invoking: GCC C Compiler
gcc -O0 -g3 -Wall -c -fmessage-length=0 -MMD -MP -MF"ex_1.d" -MT"ex_1.o" -o "ex_1.o" "../ex_1.c"
../ex_1.c:12:16: error: enumerator value for 'sunday' is not an integer constant
   12 |         sunday="sunday" ,
      |                ^~~~~~~~
../ex_1.c: In function 'main':
../ex_1.c:18:13: warning: unused variable 'x' [-Wunused-variable]
   18 |         int x;
      |             ^
make: *** [subdir.mk:20: ex_1.o] Error 1
"make all" terminated with exit code 2. Build might be incomplete.
20:40:35 **** Incremental Build of configuration Debug for project EX_1 ****
make all 
Building file: ../ex_1.c
Invoking: GCC C Compiler
gcc -O0 -g3 -Wall -c -fmessage-length=0 -MMD -MP -MF"ex_1.d" -MT"ex_1.o" -o "ex_1.o" "../ex_1.c"
../ex_1.c:12:16: error: enumerator value for 'sunday' is not an integer constant
   12 |         sunday="sunday";
      |                ^~~~~~~~
../ex_1.c:12:24: error: expected ',' or '}' before ';' token
   12 |         sunday="sunday";
      |                        ^
../ex_1.c: In function 'main':
../ex_1.c:18:13: warning: unused variable 'x' [-Wunused-variable]
   18 |         int x;
      |             ^
make: *** [subdir.mk:20: ex_1.o] Error 1
"make all" terminated with exit code 2. Build might be incomplete.
20:40:37 **** Incremental Build of configuration Debug for project EX_1 ****
make all 
Building file: ../ex_1.c
Invoking: GCC C Compiler
gcc -O0 -g3 -Wall -c -fmessage-length=0 -MMD -MP -MF"ex_1.d" -MT"ex_1.o" -o "ex_1.o" "../ex_1.c"
../ex_1.c:12:16: error: enumerator value for 'sunday' is not an integer constant
   12 |         sunday="sunday"
      |                ^~~~~~~~
../ex_1.c: In function 'main':
../ex_1.c:18:13: warning: unused variable 'x' [-Wunused-variable]
   18 |         int x;
      |             ^
make: *** [subdir.mk:20: ex_1.o] Error 1
"make all" terminated with exit code 2. Build might be incomplete.
20:40:42 **** Incremental Build of configuration Debug for project EX_1 ****
make all 
Building file: ../ex_1.c
Invoking: GCC C Compiler
gcc -O0 -g3 -Wall -c -fmessage-length=0 -MMD -MP -MF"ex_1.d" -MT"ex_1.o" -o "ex_1.o" "../ex_1.c"
../ex_1.c:12:16: error: enumerator value for 'sunday' is not an integer constant
   12 |         sunday="sunday"
      |                ^~~~~~~~
make: *** [subdir.mk:20: ex_1.o] Error 1
"make all" terminated with exit code 2. Build might be incomplete.
20:40:46 **** Incremental Build of configuration Debug for project EX_1 ****
make all 
Building file: ../ex_1.c
Invoking: GCC C Compiler
gcc -O0 -g3 -Wall -c -fmessage-length=0 -MMD -MP -MF"ex_1.d" -MT"ex_1.o" -o "ex_1.o" "../ex_1.c"
../ex_1.c:12:16: error: enumerator value for 'sunday' is not an integer constant
   12 |         sunday="sunday" ,
      |                ^~~~~~~~
make: *** [subdir.mk:20: ex_1.o] Error 1
"make all" terminated with exit code 2. Build might be incomplete.
20:40:58 **** Incremental Build of configuration Debug for project EX_1 ****
make all 
Building file: ../ex_1.c
Invoking: GCC C Compiler
gcc -O0 -g3 -Wall -c -fmessage-length=0 -MMD -MP -MF"ex_1.d" -MT"ex_1.o" -o "ex_1.o" "../ex_1.c"
../ex_1.c:12:16: error: enumerator value for 'sunday' is not an integer constant
   12 |         sunday="sunday" ,
      |                ^~~~~~~~
make: *** [subdir.mk:20: ex_1.o] Error 1
"make all" terminated with exit code 2. Build might be incomplete.
20:42:13 **** Incremental Build of configuration Debug for project EX_1 ****
make all 
Building file: ../ex_1.c
Invoking: GCC C Compiler
gcc -O0 -g3 -Wall -c -fmessage-length=0 -MMD -MP -MF"ex_1.d" -MT"ex_1.o" -o "ex_1.o" "../ex_1.c"
../ex_1.c:12:16: error: enumerator value for 'sunday' is not an integer constant
   12 |         sunday="sunday" ,
      |                ^~~~~~~~
../ex_1.c: In function 'main':
../ex_1.c:23:9: warning: statement with no effect [-Wunused-value]
   23 |         for (i;i<7;i++)
      |         ^~~
../ex_1.c:25:33: error: expected expression before ']' token
   25 |                 printf("%s",arr[][i])
      |                                 ^
../ex_1.c:20:14: warning: variable 'arr' set but not used [-Wunused-but-set-variable]
   20 |         char arr[7][20];
      |              ^~~
make: *** [subdir.mk:20: ex_1.o] Error 1
"make all" terminated with exit code 2. Build might be incomplete.
20:42:16 **** Incremental Build of configuration Debug for project EX_1 ****
make all 
Building file: ../ex_1.c
Invoking: GCC C Compiler
gcc -O0 -g3 -Wall -c -fmessage-length=0 -MMD -MP -MF"ex_1.d" -MT"ex_1.o" -o "ex_1.o" "../ex_1.c"
../ex_1.c:12:16: error: enumerator value for 'sunday' is not an integer constant
   12 |         sunday="sunday" ,
      |                ^~~~~~~~
../ex_1.c: In function 'main':
../ex_1.c:23:9: warning: statement with no effect [-Wunused-value]
   23 |         for (i;i<7;i++)
      |         ^~~
../ex_1.c:25:33: error: expected expression before ']' token
   25 |                 printf("%s",arr[][i]);
      |                                 ^
../ex_1.c:20:14: warning: variable 'arr' set but not used [-Wunused-but-set-variable]
   20 |         char arr[7][20];
      |              ^~~
make: *** [subdir.mk:20: ex_1.o] Error 1
"make all" terminated with exit code 2. Build might be incomplete.
20:42:26 **** Incremental Build of configuration Debug for project EX_1 ****
make all 
Building file: ../ex_1.c
Invoking: GCC C Compiler
gcc -O0 -g3 -Wall -c -fmessage-length=0 -MMD -MP -MF"ex_1.d" -MT"ex_1.o" -o "ex_1.o" "../ex_1.c"
../ex_1.c:12:16: error: enumerator value for 'sunday' is not an integer constant
   12 |         sunday="sunday" ,
      |                ^~~~~~~~
../ex_1.c: In function 'main':
../ex_1.c:23:9: warning: statement with no effect [-Wunused-value]
   23 |         for (i;i<7;i++)
      |         ^~~
../ex_1.c:25:26: warning: format '%s' expects argument of type 'char *', but argument 2 has type 'int' [-Wformat=]
   25 |                 printf("%s",arr[1][i]);
      |                         ~^  ~~~~~~~~~
      |                          |        |
      |                          char *   int
      |                         %d
make: *** [subdir.mk:20: ex_1.o] Error 1
"make all" terminated with exit code 2. Build might be incomplete.
20:42:32 **** Incremental Build of configuration Debug for project EX_1 ****
make all 
Building file: ../ex_1.c
Invoking: GCC C Compiler
gcc -O0 -g3 -Wall -c -fmessage-length=0 -MMD -MP -MF"ex_1.d" -MT"ex_1.o" -o "ex_1.o" "../ex_1.c"
../ex_1.c:12:16: error: enumerator value for 'sunday' is not an integer constant
   12 |         sunday="sunday" ,
      |                ^~~~~~~~
../ex_1.c: In function 'main':
../ex_1.c:25:26: warning: format '%s' expects argument of type 'char *', but argument 2 has type 'int' [-Wformat=]
   25 |                 printf("%s",arr[1][i]);
      |                         ~^  ~~~~~~~~~
      |                          |        |
      |                          char *   int
      |                         %d
make: *** [subdir.mk:20: ex_1.o] Error 1
"make all" terminated with exit code 2. Build might be incomplete.
20:42:44 **** Incremental Build of configuration Debug for project EX_1 ****
make all 
Building file: ../ex_1.c
Invoking: GCC C Compiler
gcc -O0 -g3 -Wall -c -fmessage-length=0 -MMD -MP -MF"ex_1.d" -MT"ex_1.o" -o "ex_1.o" "../ex_1.c"
../ex_1.c: In function 'main':
../ex_1.c:20:26: warning: format '%s' expects argument of type 'char *', but argument 2 has type 'int' [-Wformat=]
   20 |                 printf("%s",arr[1][i]);
      |                         ~^  ~~~~~~~~~
      |                          |        |
      |                          char *   int
      |                         %d
Finished building: ../ex_1.c
 
Building target: EX_1.exe
Invoking: MinGW C Linker
gcc  -o "EX_1.exe" ./ex_1.o   
Finished building target: EX_1.exe
 
20:43:17 **** Incremental Build of configuration Debug for project EX_1 ****
make all 
Building file: ../ex_1.c
Invoking: GCC C Compiler
gcc -O0 -g3 -Wall -c -fmessage-length=0 -MMD -MP -MF"ex_1.d" -MT"ex_1.o" -o "ex_1.o" "../ex_1.c"
../ex_1.c: In function 'main':
../ex_1.c:20:26: warning: format '%s' expects argument of type 'char *', but argument 2 has type 'int' [-Wformat=]
   20 |                 printf("%s",arr[1][i]);
      |                         ~^  ~~~~~~~~~
      |                          |        |
      |                          char *   int
      |                         %d
Finished building: ../ex_1.c
 
Building target: EX_1.exe
Invoking: MinGW C Linker
gcc  -o "EX_1.exe" ./ex_1.o   
Finished building target: EX_1.exe
 
20:43:18 **** Incremental Build of configuration Debug for project EX_1 ****
make all 
make: Nothing to be done for 'all'.
20:43:27 **** Incremental Build of configuration Debug for project EX_1 ****
make all 
make: Nothing to be done for 'all'.
20:44:05 **** Incremental Build of configuration Debug for project EX_1 ****
make all 
Building file: ../ex_1.c
Invoking: GCC C Compiler
gcc -O0 -g3 -Wall -c -fmessage-length=0 -MMD -MP -MF"ex_1.d" -MT"ex_1.o" -o "ex_1.o" "../ex_1.c"
../ex_1.c: In function 'main':
../ex_1.c:20:29: error: 'arr' undeclared (first use in this function)
   20 |                 printf("%s",arr[1][i]);
      |                             ^~~
../ex_1.c:20:29: note: each undeclared identifier is reported only once for each function it appears in
../ex_1.c:15:15: warning: unused variable 'days' [-Wunused-variable]
   15 |         char  days [2][3] = { {1, 4, 2}, {3, 6, 8} };
      |               ^~~~
make: *** [subdir.mk:20: ex_1.o] Error 1
"make all" terminated with exit code 2. Build might be incomplete.
20:44:30 **** Incremental Build of configuration Debug for project EX_1 ****
make all 
Building file: ../ex_1.c
Invoking: GCC C Compiler
gcc -O0 -g3 -Wall -c -fmessage-length=0 -MMD -MP -MF"ex_1.d" -MT"ex_1.o" -o "ex_1.o" "../ex_1.c"
../ex_1.c: In function 'main':
../ex_1.c:20:29: error: 'arr' undeclared (first use in this function)
   20 |                 printf("%s",arr[1][i]);
      |                             ^~~
../ex_1.c:20:29: note: each undeclared identifier is reported only once for each function it appears in
../ex_1.c:15:15: warning: unused variable 'days' [-Wunused-variable]
   15 |         char  days [2][3] = { {"sun"}, {"mon"} };
      |               ^~~~
make: *** [subdir.mk:20: ex_1.o] Error 1
"make all" terminated with exit code 2. Build might be incomplete.
20:44:34 **** Incremental Build of configuration Debug for project EX_1 ****
make all 
Building file: ../ex_1.c
Invoking: GCC C Compiler
gcc -O0 -g3 -Wall -c -fmessage-length=0 -MMD -MP -MF"ex_1.d" -MT"ex_1.o" -o "ex_1.o" "../ex_1.c"
../ex_1.c: In function 'main':
../ex_1.c:20:26: warning: format '%s' expects argument of type 'char *', but argument 2 has type 'int' [-Wformat=]
   20 |                 printf("%s",days[1][i]);
      |                         ~^  ~~~~~~~~~~
      |                          |         |
      |                          char *    int
      |                         %d
Finished building: ../ex_1.c
 
Building target: EX_1.exe
Invoking: MinGW C Linker
gcc  -o "EX_1.exe" ./ex_1.o   
Finished building target: EX_1.exe
 
20:44:38 **** Incremental Build of configuration Debug for project EX_1 ****
make all 
make: Nothing to be done for 'all'.
20:44:43 **** Incremental Build of configuration Debug for project EX_1 ****
make all 
make: Nothing to be done for 'all'.
20:44:46 **** Incremental Build of configuration Debug for project EX_1 ****
make all 
Building file: ../ex_1.c
Invoking: GCC C Compiler
gcc -O0 -g3 -Wall -c -fmessage-length=0 -MMD -MP -MF"ex_1.d" -MT"ex_1.o" -o "ex_1.o" "../ex_1.c"
Finished building: ../ex_1.c
 
Building target: EX_1.exe
Invoking: MinGW C Linker
gcc  -o "EX_1.exe" ./ex_1.o   
Finished building target: EX_1.exe
 
20:44:49 **** Incremental Build of configuration Debug for project EX_1 ****
make all 
make: Nothing to be done for 'all'.
20:45:01 **** Incremental Build of configuration Debug for project EX_1 ****
make all 
Building file: ../ex_1.c
Invoking: GCC C Compiler
gcc -O0 -g3 -Wall -c -fmessage-length=0 -MMD -MP -MF"ex_1.d" -MT"ex_1.o" -o "ex_1.o" "../ex_1.c"
Finished building: ../ex_1.c
 
Building target: EX_1.exe
Invoking: MinGW C Linker
gcc  -o "EX_1.exe" ./ex_1.o   
Finished building target: EX_1.exe
 
20:45:02 **** Incremental Build of configuration Debug for project EX_1 ****
make all 
make: Nothing to be done for 'all'.
20:45:08 **** Incremental Build of configuration Debug for project EX_1 ****
make all 
Building file: ../ex_1.c
Invoking: GCC C Compiler
gcc -O0 -g3 -Wall -c -fmessage-length=0 -MMD -MP -MF"ex_1.d" -MT"ex_1.o" -o "ex_1.o" "../ex_1.c"
Finished building: ../ex_1.c
 
Building target: EX_1.exe
Invoking: MinGW C Linker
gcc  -o "EX_1.exe" ./ex_1.o   
Finished building target: EX_1.exe
 
20:45:09 **** Incremental Build of configuration Debug for project EX_1 ****
make all 
make: Nothing to be done for 'all'.
20:45:40 **** Incremental Build of configuration Debug for project EX_1 ****
make all 
Building file: ../ex_1.c
Invoking: GCC C Compiler
gcc -O0 -g3 -Wall -c -fmessage-length=0 -MMD -MP -MF"ex_1.d" -MT"ex_1.o" -o "ex_1.o" "../ex_1.c"
../ex_1.c: In function 'main':
../ex_1.c:15:48: warning: excess elements in array initializer
   15 |         char  days [2][3] = { {"sun"}, {"mon"},{"sun"}, {"tus"},{"wen"},{"thr"};
      |                                                ^
../ex_1.c:15:48: note: (near initialization for 'days')
../ex_1.c:15:57: warning: excess elements in array initializer
   15 |         char  days [2][3] = { {"sun"}, {"mon"},{"sun"}, {"tus"},{"wen"},{"thr"};
      |                                                         ^
../ex_1.c:15:57: note: (near initialization for 'days')
../ex_1.c:15:65: warning: excess elements in array initializer
   15 |         char  days [2][3] = { {"sun"}, {"mon"},{"sun"}, {"tus"},{"wen"},{"thr"};
      |                                                                 ^
../ex_1.c:15:65: note: (near initialization for 'days')
../ex_1.c:15:73: warning: excess elements in array initializer
   15 |         char  days [2][3] = { {"sun"}, {"mon"},{"sun"}, {"tus"},{"wen"},{"thr"};
      |                                                                         ^
../ex_1.c:15:73: note: (near initialization for 'days')
../ex_1.c:15:80: error: expected '}' before ';' token
   15 |         char  days [2][3] = { {"sun"}, {"mon"},{"sun"}, {"tus"},{"wen"},{"thr"};
      |                             ~                                                  ^
../ex_1.c:28:1: error: expected ',' or ';' at end of input
   28 | }
      | ^
../ex_1.c:28:1: error: expected declaration or statement at end of input
../ex_1.c:15:15: warning: unused variable 'days' [-Wunused-variable]
   15 |         char  days [2][3] = { {"sun"}, {"mon"},{"sun"}, {"tus"},{"wen"},{"thr"};
      |               ^~~~
../ex_1.c:14:13: warning: unused variable 'i' [-Wunused-variable]
   14 |         int i=0;
      |             ^
make: *** [subdir.mk:20: ex_1.o] Error 1
"make all" terminated with exit code 2. Build might be incomplete.
20:45:46 **** Incremental Build of configuration Debug for project EX_1 ****
make all 
Building file: ../ex_1.c
Invoking: GCC C Compiler
gcc -O0 -g3 -Wall -c -fmessage-length=0 -MMD -MP -MF"ex_1.d" -MT"ex_1.o" -o "ex_1.o" "../ex_1.c"
../ex_1.c: In function 'main':
../ex_1.c:15:48: warning: excess elements in array initializer
   15 |         char  days [2][3] = { {"sun"}, {"mon"},{"sun"}, {"tus"},{"wen"},{"thr"};
      |                                                ^
../ex_1.c:15:48: note: (near initialization for 'days')
../ex_1.c:15:57: warning: excess elements in array initializer
   15 |         char  days [2][3] = { {"sun"}, {"mon"},{"sun"}, {"tus"},{"wen"},{"thr"};
      |                                                         ^
../ex_1.c:15:57: note: (near initialization for 'days')
../ex_1.c:15:65: warning: excess elements in array initializer
   15 |         char  days [2][3] = { {"sun"}, {"mon"},{"sun"}, {"tus"},{"wen"},{"thr"};
      |                                                                 ^
../ex_1.c:15:65: note: (near initialization for 'days')
../ex_1.c:15:73: warning: excess elements in array initializer
   15 |         char  days [2][3] = { {"sun"}, {"mon"},{"sun"}, {"tus"},{"wen"},{"thr"};
      |                                                                         ^
../ex_1.c:15:73: note: (near initialization for 'days')
../ex_1.c:15:80: error: expected '}' before ';' token
   15 |         char  days [2][3] = { {"sun"}, {"mon"},{"sun"}, {"tus"},{"wen"},{"thr"};
      |                             ~                                                  ^
../ex_1.c:28:1: error: expected ',' or ';' at end of input
   28 | }
      | ^
../ex_1.c:28:1: error: expected declaration or statement at end of input
../ex_1.c:15:15: warning: unused variable 'days' [-Wunused-variable]
   15 |         char  days [2][3] = { {"sun"}, {"mon"},{"sun"}, {"tus"},{"wen"},{"thr"};
      |               ^~~~
../ex_1.c:14:13: warning: unused variable 'i' [-Wunused-variable]
   14 |         int i=0;
      |             ^
make: *** [subdir.mk:20: ex_1.o] Error 1
"make all" terminated with exit code 2. Build might be incomplete.
20:45:48 **** Incremental Build of configuration Debug for project EX_1 ****
make all 
Building file: ../ex_1.c
Invoking: GCC C Compiler
gcc -O0 -g3 -Wall -c -fmessage-length=0 -MMD -MP -MF"ex_1.d" -MT"ex_1.o" -o "ex_1.o" "../ex_1.c"
../ex_1.c: In function 'main':
../ex_1.c:15:48: warning: excess elements in array initializer
   15 |         char  days [2][3] = { {"sun"}, {"mon"},{"sun"}, {"tus"},{"wen"},{"thr"}};
      |                                                ^
../ex_1.c:15:48: note: (near initialization for 'days')
../ex_1.c:15:57: warning: excess elements in array initializer
   15 |         char  days [2][3] = { {"sun"}, {"mon"},{"sun"}, {"tus"},{"wen"},{"thr"}};
      |                                                         ^
../ex_1.c:15:57: note: (near initialization for 'days')
../ex_1.c:15:65: warning: excess elements in array initializer
   15 |         char  days [2][3] = { {"sun"}, {"mon"},{"sun"}, {"tus"},{"wen"},{"thr"}};
      |                                                                 ^
../ex_1.c:15:65: note: (near initialization for 'days')
../ex_1.c:15:73: warning: excess elements in array initializer
   15 |         char  days [2][3] = { {"sun"}, {"mon"},{"sun"}, {"tus"},{"wen"},{"thr"}};
      |                                                                         ^
../ex_1.c:15:73: note: (near initialization for 'days')
Finished building: ../ex_1.c
 
Building target: EX_1.exe
Invoking: MinGW C Linker
gcc  -o "EX_1.exe" ./ex_1.o   
Finished building target: EX_1.exe
 
20:46:02 **** Incremental Build of configuration Debug for project EX_1 ****
make all 
Building file: ../ex_1.c
Invoking: GCC C Compiler
gcc -O0 -g3 -Wall -c -fmessage-length=0 -MMD -MP -MF"ex_1.d" -MT"ex_1.o" -o "ex_1.o" "../ex_1.c"
Finished building: ../ex_1.c
 
Building target: EX_1.exe
Invoking: MinGW C Linker
gcc  -o "EX_1.exe" ./ex_1.o   
Finished building target: EX_1.exe
 
20:46:04 **** Incremental Build of configuration Debug for project EX_1 ****
make all 
make: Nothing to be done for 'all'.
20:46:11 **** Incremental Build of configuration Debug for project EX_1 ****
make all 
Building file: ../ex_1.c
Invoking: GCC C Compiler
gcc -O0 -g3 -Wall -c -fmessage-length=0 -MMD -MP -MF"ex_1.d" -MT"ex_1.o" -o "ex_1.o" "../ex_1.c"
Finished building: ../ex_1.c
 
Building target: EX_1.exe
Invoking: MinGW C Linker
gcc  -o "EX_1.exe" ./ex_1.o   
Finished building target: EX_1.exe
 
20:46:12 **** Incremental Build of configuration Debug for project EX_1 ****
make all 
make: Nothing to be done for 'all'.
20:46:23 **** Incremental Build of configuration Debug for project EX_1 ****
make all 
Building file: ../ex_1.c
Invoking: GCC C Compiler
gcc -O0 -g3 -Wall -c -fmessage-length=0 -MMD -MP -MF"ex_1.d" -MT"ex_1.o" -o "ex_1.o" "../ex_1.c"
../ex_1.c: In function 'main':
../ex_1.c:20:26: warning: format '%s' expects argument of type 'char *', but argument 2 has type 'int' [-Wformat=]
   20 |                 printf("%s",days[1][i]);
      |                         ~^  ~~~~~~~~~~
      |                          |         |
      |                          char *    int
      |                         %d
Finished building: ../ex_1.c
 
Building target: EX_1.exe
Invoking: MinGW C Linker
gcc  -o "EX_1.exe" ./ex_1.o   
Finished building target: EX_1.exe
 
20:46:24 **** Incremental Build of configuration Debug for project EX_1 ****
make all 
make: Nothing to be done for 'all'.
20:46:25 **** Incremental Build of configuration Debug for project EX_1 ****
make all 
make: Nothing to be done for 'all'.
20:46:28 **** Incremental Build of configuration Debug for project EX_1 ****
make all 
make: Nothing to be done for 'all'.
20:46:32 **** Incremental Build of configuration Debug for project EX_1 ****
make all 
Building file: ../ex_1.c
Invoking: GCC C Compiler
gcc -O0 -g3 -Wall -c -fmessage-length=0 -MMD -MP -MF"ex_1.d" -MT"ex_1.o" -o "ex_1.o" "../ex_1.c"
Finished building: ../ex_1.c
 
Building target: EX_1.exe
Invoking: MinGW C Linker
gcc  -o "EX_1.exe" ./ex_1.o   
Finished building target: EX_1.exe
 
20:46:36 **** Incremental Build of configuration Debug for project EX_1 ****
make all 
Building file: ../ex_1.c
Invoking: GCC C Compiler
gcc -O0 -g3 -Wall -c -fmessage-length=0 -MMD -MP -MF"ex_1.d" -MT"ex_1.o" -o "ex_1.o" "../ex_1.c"
Finished building: ../ex_1.c
 
Building target: EX_1.exe
Invoking: MinGW C Linker
gcc  -o "EX_1.exe" ./ex_1.o   
Finished building target: EX_1.exe
 
20:46:39 **** Incremental Build of configuration Debug for project EX_1 ****
make all 
make: Nothing to be done for 'all'.
20:46:47 **** Incremental Build of configuration Debug for project EX_1 ****
make all 
Building file: ../ex_1.c
Invoking: GCC C Compiler
gcc -O0 -g3 -Wall -c -fmessage-length=0 -MMD -MP -MF"ex_1.d" -MT"ex_1.o" -o "ex_1.o" "../ex_1.c"
Finished building: ../ex_1.c
 
Building target: EX_1.exe
Invoking: MinGW C Linker
gcc  -o "EX_1.exe" ./ex_1.o   
Finished building target: EX_1.exe
 
20:46:48 **** Incremental Build of configuration Debug for project EX_1 ****
make all 
make: Nothing to be done for 'all'.
20:47:02 **** Incremental Build of configuration Debug for project EX_1 ****
make all 
Building file: ../ex_1.c
Invoking: GCC C Compiler
gcc -O0 -g3 -Wall -c -fmessage-length=0 -MMD -MP -MF"ex_1.d" -MT"ex_1.o" -o "ex_1.o" "../ex_1.c"
../ex_1.c: In function 'main':
../ex_1.c:20:24: error: expected expression before ')' token
   20 |                 for (i=)
      |                        ^
../ex_1.c:20:24: error: expected expression before ')' token
../ex_1.c:14:15: warning: unused variable 'x' [-Wunused-variable]
   14 |         int i,x;
      |               ^
make: *** [subdir.mk:20: ex_1.o] Error 1
"make all" terminated with exit code 2. Build might be incomplete.
20:47:34 **** Incremental Build of configuration Debug for project EX_1 ****
make all 
Building file: ../ex_1.c
Invoking: GCC C Compiler
gcc -O0 -g3 -Wall -c -fmessage-length=0 -MMD -MP -MF"ex_1.d" -MT"ex_1.o" -o "ex_1.o" "../ex_1.c"
Finished building: ../ex_1.c
 
Building target: EX_1.exe
Invoking: MinGW C Linker
gcc  -o "EX_1.exe" ./ex_1.o   
Finished building target: EX_1.exe
 
20:47:51 **** Incremental Build of configuration Debug for project EX_1 ****
make all 
Building file: ../ex_1.c
Invoking: GCC C Compiler
gcc -O0 -g3 -Wall -c -fmessage-length=0 -MMD -MP -MF"ex_1.d" -MT"ex_1.o" -o "ex_1.o" "../ex_1.c"
Finished building: ../ex_1.c
 
Building target: EX_1.exe
Invoking: MinGW C Linker
gcc  -o "EX_1.exe" ./ex_1.o   
Finished building target: EX_1.exe
 
20:48:02 **** Incremental Build of configuration Debug for project EX_1 ****
make all 
Building file: ../ex_1.c
Invoking: GCC C Compiler
gcc -O0 -g3 -Wall -c -fmessage-length=0 -MMD -MP -MF"ex_1.d" -MT"ex_1.o" -o "ex_1.o" "../ex_1.c"
Finished building: ../ex_1.c
 
Building target: EX_1.exe
Invoking: MinGW C Linker
gcc  -o "EX_1.exe" ./ex_1.o   
Finished building target: EX_1.exe
 
20:48:05 **** Incremental Build of configuration Debug for project EX_1 ****
make all 
make: Nothing to be done for 'all'.
20:48:15 **** Incremental Build of configuration Debug for project EX_1 ****
make all 
Building file: ../ex_1.c
Invoking: GCC C Compiler
gcc -O0 -g3 -Wall -c -fmessage-length=0 -MMD -MP -MF"ex_1.d" -MT"ex_1.o" -o "ex_1.o" "../ex_1.c"
Finished building: ../ex_1.c
 
Building target: EX_1.exe
Invoking: MinGW C Linker
gcc  -o "EX_1.exe" ./ex_1.o   
Finished building target: EX_1.exe
 
20:48:19 **** Incremental Build of configuration Debug for project EX_1 ****
make all 
make: Nothing to be done for 'all'.
20:48:24 **** Incremental Build of configuration Debug for project EX_1 ****
make all 
Building file: ../ex_1.c
Invoking: GCC C Compiler
gcc -O0 -g3 -Wall -c -fmessage-length=0 -MMD -MP -MF"ex_1.d" -MT"ex_1.o" -o "ex_1.o" "../ex_1.c"
Finished building: ../ex_1.c
 
Building target: EX_1.exe
Invoking: MinGW C Linker
gcc  -o "EX_1.exe" ./ex_1.o   
Finished building target: EX_1.exe
 
20:48:27 **** Incremental Build of configuration Debug for project EX_1 ****
make all 
make: Nothing to be done for 'all'.
20:48:54 **** Incremental Build of configuration Debug for project EX_1 ****
make all 
Building file: ../ex_1.c
Invoking: GCC C Compiler
gcc -O0 -g3 -Wall -c -fmessage-length=0 -MMD -MP -MF"ex_1.d" -MT"ex_1.o" -o "ex_1.o" "../ex_1.c"
../ex_1.c: In function 'main':
../ex_1.c:15:81: warning: excess elements in array initializer
   15 |         char  days [6][3] = { {"sun"}, {"mon"},{"sun"}, {"tus"},{"wen"},{"thr"},{"fri"},{"sat"};
      |                                                                                 ^
../ex_1.c:15:81: note: (near initialization for 'days')
../ex_1.c:15:89: warning: excess elements in array initializer
   15 |         char  days [6][3] = { {"sun"}, {"mon"},{"sun"}, {"tus"},{"wen"},{"thr"},{"fri"},{"sat"};
      |                                                                                         ^
../ex_1.c:15:89: note: (near initialization for 'days')
../ex_1.c:15:96: error: expected '}' before ';' token
   15 |         char  days [6][3] = { {"sun"}, {"mon"},{"sun"}, {"tus"},{"wen"},{"thr"},{"fri"},{"sat"};
      |                             ~                                                                  ^
../ex_1.c:34:1: error: expected ',' or ';' at end of input
   34 | }
      | ^
../ex_1.c:34:1: error: expected declaration or statement at end of input
../ex_1.c:15:15: warning: unused variable 'days' [-Wunused-variable]
   15 |         char  days [6][3] = { {"sun"}, {"mon"},{"sun"}, {"tus"},{"wen"},{"thr"},{"fri"},{"sat"};
      |               ^~~~
../ex_1.c:14:15: warning: unused variable 'x' [-Wunused-variable]
   14 |         int i,x;
      |               ^
../ex_1.c:14:13: warning: unused variable 'i' [-Wunused-variable]
   14 |         int i,x;
      |             ^
make: *** [subdir.mk:20: ex_1.o] Error 1
"make all" terminated with exit code 2. Build might be incomplete.
20:48:57 **** Incremental Build of configuration Debug for project EX_1 ****
make all 
Building file: ../ex_1.c
Invoking: GCC C Compiler
gcc -O0 -g3 -Wall -c -fmessage-length=0 -MMD -MP -MF"ex_1.d" -MT"ex_1.o" -o "ex_1.o" "../ex_1.c"
../ex_1.c: In function 'main':
../ex_1.c:15:81: warning: excess elements in array initializer
   15 |         char  days [6][3] = { {"sun"}, {"mon"},{"sun"}, {"tus"},{"wen"},{"thr"},{"fri"},{"sat"};
      |                                                                                 ^
../ex_1.c:15:81: note: (near initialization for 'days')
../ex_1.c:15:89: warning: excess elements in array initializer
   15 |         char  days [6][3] = { {"sun"}, {"mon"},{"sun"}, {"tus"},{"wen"},{"thr"},{"fri"},{"sat"};
      |                                                                                         ^
../ex_1.c:15:89: note: (near initialization for 'days')
../ex_1.c:15:96: error: expected '}' before ';' token
   15 |         char  days [6][3] = { {"sun"}, {"mon"},{"sun"}, {"tus"},{"wen"},{"thr"},{"fri"},{"sat"};
      |                             ~                                                                  ^
../ex_1.c:34:1: error: expected ',' or ';' at end of input
   34 | }
      | ^
../ex_1.c:34:1: error: expected declaration or statement at end of input
../ex_1.c:15:15: warning: unused variable 'days' [-Wunused-variable]
   15 |         char  days [6][3] = { {"sun"}, {"mon"},{"sun"}, {"tus"},{"wen"},{"thr"},{"fri"},{"sat"};
      |               ^~~~
../ex_1.c:14:15: warning: unused variable 'x' [-Wunused-variable]
   14 |         int i,x;
      |               ^
../ex_1.c:14:13: warning: unused variable 'i' [-Wunused-variable]
   14 |         int i,x;
      |             ^
make: *** [subdir.mk:20: ex_1.o] Error 1
"make all" terminated with exit code 2. Build might be incomplete.
20:49:04 **** Incremental Build of configuration Debug for project EX_1 ****
make all 
Building file: ../ex_1.c
Invoking: GCC C Compiler
gcc -O0 -g3 -Wall -c -fmessage-length=0 -MMD -MP -MF"ex_1.d" -MT"ex_1.o" -o "ex_1.o" "../ex_1.c"
../ex_1.c: In function 'main':
../ex_1.c:15:96: error: expected '}' before ';' token
   15 |         char  days [8][3] = { {"sun"}, {"mon"},{"sun"}, {"tus"},{"wen"},{"thr"},{"fri"},{"sat"};
      |                             ~                                                                  ^
../ex_1.c:34:1: error: expected ',' or ';' at end of input
   34 | }
      | ^
../ex_1.c:34:1: error: expected declaration or statement at end of input
../ex_1.c:15:15: warning: unused variable 'days' [-Wunused-variable]
   15 |         char  days [8][3] = { {"sun"}, {"mon"},{"sun"}, {"tus"},{"wen"},{"thr"},{"fri"},{"sat"};
      |               ^~~~
../ex_1.c:14:15: warning: unused variable 'x' [-Wunused-variable]
   14 |         int i,x;
      |               ^
../ex_1.c:14:13: warning: unused variable 'i' [-Wunused-variable]
   14 |         int i,x;
      |             ^
make: *** [subdir.mk:20: ex_1.o] Error 1
"make all" terminated with exit code 2. Build might be incomplete.
20:49:08 **** Incremental Build of configuration Debug for project EX_1 ****
make all 
Building file: ../ex_1.c
Invoking: GCC C Compiler
gcc -O0 -g3 -Wall -c -fmessage-length=0 -MMD -MP -MF"ex_1.d" -MT"ex_1.o" -o "ex_1.o" "../ex_1.c"
../ex_1.c: In function 'main':
../ex_1.c:15:96: error: expected '}' before ';' token
   15 |         char  days [9][3] = { {"sun"}, {"mon"},{"sun"}, {"tus"},{"wen"},{"thr"},{"fri"},{"sat"};
      |                             ~                                                                  ^
../ex_1.c:34:1: error: expected ',' or ';' at end of input
   34 | }
      | ^
../ex_1.c:34:1: error: expected declaration or statement at end of input
../ex_1.c:15:15: warning: unused variable 'days' [-Wunused-variable]
   15 |         char  days [9][3] = { {"sun"}, {"mon"},{"sun"}, {"tus"},{"wen"},{"thr"},{"fri"},{"sat"};
      |               ^~~~
../ex_1.c:14:15: warning: unused variable 'x' [-Wunused-variable]
   14 |         int i,x;
      |               ^
../ex_1.c:14:13: warning: unused variable 'i' [-Wunused-variable]
   14 |         int i,x;
      |             ^
make: *** [subdir.mk:20: ex_1.o] Error 1
"make all" terminated with exit code 2. Build might be incomplete.
20:49:19 **** Incremental Build of configuration Debug for project EX_1 ****
make all 
Building file: ../ex_1.c
Invoking: GCC C Compiler
gcc -O0 -g3 -Wall -c -fmessage-length=0 -MMD -MP -MF"ex_1.d" -MT"ex_1.o" -o "ex_1.o" "../ex_1.c"
../ex_1.c: In function 'main':
../ex_1.c:15:96: error: expected '}' before ';' token
   15 |         char  days [9][3] = { {"sun"}, {"mon"},{"sun"}, {"tus"},{"wen"},{"thr"},{"fri"},{"sat"};
      |                             ~                                                                  ^
../ex_1.c:34:1: error: expected ',' or ';' at end of input
   34 | }
      | ^
../ex_1.c:34:1: error: expected declaration or statement at end of input
../ex_1.c:15:15: warning: unused variable 'days' [-Wunused-variable]
   15 |         char  days [9][3] = { {"sun"}, {"mon"},{"sun"}, {"tus"},{"wen"},{"thr"},{"fri"},{"sat"};
      |               ^~~~
../ex_1.c:14:15: warning: unused variable 'x' [-Wunused-variable]
   14 |         int i,x;
      |               ^
../ex_1.c:14:13: warning: unused variable 'i' [-Wunused-variable]
   14 |         int i,x;
      |             ^
make: *** [subdir.mk:20: ex_1.o] Error 1
"make all" terminated with exit code 2. Build might be incomplete.
20:49:20 **** Incremental Build of configuration Debug for project EX_1 ****
make all 
Building file: ../ex_1.c
Invoking: GCC C Compiler
gcc -O0 -g3 -Wall -c -fmessage-length=0 -MMD -MP -MF"ex_1.d" -MT"ex_1.o" -o "ex_1.o" "../ex_1.c"
../ex_1.c: In function 'main':
../ex_1.c:15:96: error: expected '}' before ';' token
   15 |         char  days [9][3] = { {"sun"}, {"mon"},{"sun"}, {"tus"},{"wen"},{"thr"},{"fri"},{"sat"};
      |                             ~                                                                  ^
../ex_1.c:34:1: error: expected ',' or ';' at end of input
   34 | }
      | ^
../ex_1.c:34:1: error: expected declaration or statement at end of input
../ex_1.c:15:15: warning: unused variable 'days' [-Wunused-variable]
   15 |         char  days [9][3] = { {"sun"}, {"mon"},{"sun"}, {"tus"},{"wen"},{"thr"},{"fri"},{"sat"};
      |               ^~~~
../ex_1.c:14:15: warning: unused variable 'x' [-Wunused-variable]
   14 |         int i,x;
      |               ^
../ex_1.c:14:13: warning: unused variable 'i' [-Wunused-variable]
   14 |         int i,x;
      |             ^
make: *** [subdir.mk:20: ex_1.o] Error 1
"make all" terminated with exit code 2. Build might be incomplete.
20:49:37 **** Incremental Build of configuration Debug for project EX_1 ****
make all 
Building file: ../ex_1.c
Invoking: GCC C Compiler
gcc -O0 -g3 -Wall -c -fmessage-length=0 -MMD -MP -MF"ex_1.d" -MT"ex_1.o" -o "ex_1.o" "../ex_1.c"
Finished building: ../ex_1.c
 
Building target: EX_1.exe
Invoking: MinGW C Linker
gcc  -o "EX_1.exe" ./ex_1.o   
Finished building target: EX_1.exe
 
20:49:40 **** Incremental Build of configuration Debug for project EX_1 ****
make all 
make: Nothing to be done for 'all'.
20:49:54 **** Incremental Build of configuration Debug for project EX_1 ****
make all 
Building file: ../ex_1.c
Invoking: GCC C Compiler
gcc -O0 -g3 -Wall -c -fmessage-length=0 -MMD -MP -MF"ex_1.d" -MT"ex_1.o" -o "ex_1.o" "../ex_1.c"
Finished building: ../ex_1.c
 
Building target: EX_1.exe
Invoking: MinGW C Linker
gcc  -o "EX_1.exe" ./ex_1.o   
Finished building target: EX_1.exe
 
20:49:58 **** Incremental Build of configuration Debug for project EX_1 ****
make all 
make: Nothing to be done for 'all'.
20:52:37 **** Incremental Build of configuration Debug for project EX_1 ****
make all 
Building file: ../ex_1.c
Invoking: GCC C Compiler
gcc -O0 -g3 -Wall -c -fmessage-length=0 -MMD -MP -MF"ex_1.d" -MT"ex_1.o" -o "ex_1.o" "../ex_1.c"
../ex_1.c: In function 'main':
../ex_1.c:15:31: warning: initializer-string for array of 'char' is too long
   15 |         char  days [8][3] = { {"sun\0"}, {"mon"}, {"tus"},{"wen"},{"thr"},{"fri"},{"sat"}};
      |                               ^
../ex_1.c:15:31: note: (near initialization for 'days[0]')
Finished building: ../ex_1.c
 
Building target: EX_1.exe
Invoking: MinGW C Linker
gcc  -o "EX_1.exe" ./ex_1.o   
Finished building target: EX_1.exe
 
20:52:41 **** Incremental Build of configuration Debug for project EX_1 ****
make all 
Building file: ../ex_1.c
Invoking: GCC C Compiler
gcc -O0 -g3 -Wall -c -fmessage-length=0 -MMD -MP -MF"ex_1.d" -MT"ex_1.o" -o "ex_1.o" "../ex_1.c"
../ex_1.c: In function 'main':
../ex_1.c:15:31: warning: initializer-string for array of 'char' is too long
   15 |         char  days [8][3] = { {"sun/0"}, {"mon"}, {"tus"},{"wen"},{"thr"},{"fri"},{"sat"}};
      |                               ^
../ex_1.c:15:31: note: (near initialization for 'days[0]')
Finished building: ../ex_1.c
 
Building target: EX_1.exe
Invoking: MinGW C Linker
gcc  -o "EX_1.exe" ./ex_1.o   
Finished building target: EX_1.exe
 
20:52:49 **** Incremental Build of configuration Debug for project EX_1 ****
make all 
Building file: ../ex_1.c
Invoking: GCC C Compiler
gcc -O0 -g3 -Wall -c -fmessage-length=0 -MMD -MP -MF"ex_1.d" -MT"ex_1.o" -o "ex_1.o" "../ex_1.c"
Finished building: ../ex_1.c
 
Building target: EX_1.exe
Invoking: MinGW C Linker
gcc  -o "EX_1.exe" ./ex_1.o   
Finished building target: EX_1.exe
 
20:52:53 **** Incremental Build of configuration Debug for project EX_1 ****
make all 
make: Nothing to be done for 'all'.
20:54:41 **** Incremental Build of configuration Debug for project EX_1 ****
make all 
Building file: ../ex_1.c
Invoking: GCC C Compiler
gcc -O0 -g3 -Wall -c -fmessage-length=0 -MMD -MP -MF"ex_1.d" -MT"ex_1.o" -o "ex_1.o" "../ex_1.c"
Finished building: ../ex_1.c
 
Building target: EX_1.exe
Invoking: MinGW C Linker
gcc  -o "EX_1.exe" ./ex_1.o   
Finished building target: EX_1.exe
 
20:54:43 **** Incremental Build of configuration Debug for project EX_1 ****
make all 
make: Nothing to be done for 'all'.
20:54:50 **** Incremental Build of configuration Debug for project EX_1 ****
make all 
Building file: ../ex_1.c
Invoking: GCC C Compiler
gcc -O0 -g3 -Wall -c -fmessage-length=0 -MMD -MP -MF"ex_1.d" -MT"ex_1.o" -o "ex_1.o" "../ex_1.c"
Finished building: ../ex_1.c
 
Building target: EX_1.exe
Invoking: MinGW C Linker
gcc  -o "EX_1.exe" ./ex_1.o   
Finished building target: EX_1.exe
 
20:54:52 **** Incremental Build of configuration Debug for project EX_1 ****
make all 
make: Nothing to be done for 'all'.
20:54:57 **** Incremental Build of configuration Debug for project EX_1 ****
make all 
Building file: ../ex_1.c
Invoking: GCC C Compiler
gcc -O0 -g3 -Wall -c -fmessage-length=0 -MMD -MP -MF"ex_1.d" -MT"ex_1.o" -o "ex_1.o" "../ex_1.c"
Finished building: ../ex_1.c
 
Building target: EX_1.exe
Invoking: MinGW C Linker
gcc  -o "EX_1.exe" ./ex_1.o   
Finished building target: EX_1.exe
 
20:54:58 **** Incremental Build of configuration Debug for project EX_1 ****
make all 
make: Nothing to be done for 'all'.
20:55:12 **** Incremental Build of configuration Debug for project EX_1 ****
make all 
Building file: ../ex_1.c
Invoking: GCC C Compiler
gcc -O0 -g3 -Wall -c -fmessage-length=0 -MMD -MP -MF"ex_1.d" -MT"ex_1.o" -o "ex_1.o" "../ex_1.c"
Finished building: ../ex_1.c
 
Building target: EX_1.exe
Invoking: MinGW C Linker
gcc  -o "EX_1.exe" ./ex_1.o   
Finished building target: EX_1.exe
 
20:55:15 **** Incremental Build of configuration Debug for project EX_1 ****
make all 
make: Nothing to be done for 'all'.
20:56:22 **** Incremental Build of configuration Debug for project EX_1 ****
make all 
Building file: ../ex_1.c
Invoking: GCC C Compiler
gcc -O0 -g3 -Wall -c -fmessage-length=0 -MMD -MP -MF"ex_1.d" -MT"ex_1.o" -o "ex_1.o" "../ex_1.c"
Finished building: ../ex_1.c
 
Building target: EX_1.exe
Invoking: MinGW C Linker
gcc  -o "EX_1.exe" ./ex_1.o   
Finished building target: EX_1.exe
 
20:56:31 **** Incremental Build of configuration Debug for project EX_1 ****
make all 
Building file: ../ex_1.c
Invoking: GCC C Compiler
gcc -O0 -g3 -Wall -c -fmessage-length=0 -MMD -MP -MF"ex_1.d" -MT"ex_1.o" -o "ex_1.o" "../ex_1.c"
Finished building: ../ex_1.c
 
Building target: EX_1.exe
Invoking: MinGW C Linker
gcc  -o "EX_1.exe" ./ex_1.o   
Finished building target: EX_1.exe
 
11:05:48 **** Build of configuration Debug for project EX_1 ****
make all 
Building file: ../ex_1.c
Invoking: GCC C Compiler
gcc -O0 -g3 -Wall -c -fmessage-length=0 -MMD -MP -MF"ex_1.d" -MT"ex_1.o" -o "ex_1.o" "../ex_1.c"
Finished building: ../ex_1.c
 
Building target: EX_1.exe
Invoking: MinGW C Linker
gcc  -o "EX_1.exe" ./ex_1.o   
Finished building target: EX_1.exe
 
11:05:53 **** Incremental Build of configuration Debug for project EX_1 ****
make all 
make: Nothing to be done for 'all'.
11:07:00 **** Incremental Build of configuration Debug for project EX_1 ****
make all 
Building file: ../ex_1.c
Invoking: GCC C Compiler
gcc -O0 -g3 -Wall -c -fmessage-length=0 -MMD -MP -MF"ex_1.d" -MT"ex_1.o" -o "ex_1.o" "../ex_1.c"
Finished building: ../ex_1.c
 
Building target: EX_1.exe
Invoking: MinGW C Linker
gcc  -o "EX_1.exe" ./ex_1.o   
Finished building target: EX_1.exe
 
11:07:02 **** Incremental Build of configuration Debug for project EX_1 ****
make all 
make: Nothing to be done for 'all'.
11:08:08 **** Incremental Build of configuration Debug for project EX_1 ****
make all 
Building file: ../ex_1.c
Invoking: GCC C Compiler
gcc -O0 -g3 -Wall -c -fmessage-length=0 -MMD -MP -MF"ex_1.d" -MT"ex_1.o" -o "ex_1.o" "../ex_1.c"
Finished building: ../ex_1.c
 
Building target: EX_1.exe
Invoking: MinGW C Linker
gcc  -o "EX_1.exe" ./ex_1.o   
Finished building target: EX_1.exe
 
11:08:09 **** Incremental Build of configuration Debug for project EX_1 ****
make all 
make: Nothing to be done for 'all'.
11:09:33 **** Incremental Build of configuration Debug for project EX_1 ****
make all 
Building file: ../ex_1.c
Invoking: GCC C Compiler
gcc -O0 -g3 -Wall -c -fmessage-length=0 -MMD -MP -MF"ex_1.d" -MT"ex_1.o" -o "ex_1.o" "../ex_1.c"
../ex_1.c: In function 'main':
../ex_1.c:34:12: error: expected expression before ')' token
   34 |         if()
      |            ^
make: *** [subdir.mk:20: ex_1.o] Error 1
"make all" terminated with exit code 2. Build might be incomplete.
11:10:35 **** Incremental Build of configuration Debug for project EX_1 ****
make all 
Building file: ../ex_1.c
Invoking: GCC C Compiler
gcc -O0 -g3 -Wall -c -fmessage-length=0 -MMD -MP -MF"ex_1.d" -MT"ex_1.o" -o "ex_1.o" "../ex_1.c"
Finished building: ../ex_1.c
 
Building target: EX_1.exe
Invoking: MinGW C Linker
gcc  -o "EX_1.exe" ./ex_1.o   
Finished building target: EX_1.exe
 
11:11:42 **** Incremental Build of configuration Debug for project EX_1 ****
make all 
Building file: ../ex_1.c
Invoking: GCC C Compiler
gcc -O0 -g3 -Wall -c -fmessage-length=0 -MMD -MP -MF"ex_1.d" -MT"ex_1.o" -o "ex_1.o" "../ex_1.c"
Finished building: ../ex_1.c
 
Building target: EX_1.exe
Invoking: MinGW C Linker
gcc  -o "EX_1.exe" ./ex_1.o   
Finished building target: EX_1.exe
 
11:11:49 **** Incremental Build of configuration Debug for project EX_1 ****
make all 
Building file: ../ex_1.c
Invoking: GCC C Compiler
gcc -O0 -g3 -Wall -c -fmessage-length=0 -MMD -MP -MF"ex_1.d" -MT"ex_1.o" -o "ex_1.o" "../ex_1.c"
Finished building: ../ex_1.c
 
Building target: EX_1.exe
Invoking: MinGW C Linker
gcc  -o "EX_1.exe" ./ex_1.o   
Finished building target: EX_1.exe
 
11:12:57 **** Incremental Build of configuration Debug for project EX_1 ****
make all 
Building file: ../ex_1.c
Invoking: GCC C Compiler
gcc -O0 -g3 -Wall -c -fmessage-length=0 -MMD -MP -MF"ex_1.d" -MT"ex_1.o" -o "ex_1.o" "../ex_1.c"
Finished building: ../ex_1.c
 
Building target: EX_1.exe
Invoking: MinGW C Linker
gcc  -o "EX_1.exe" ./ex_1.o   
Finished building target: EX_1.exe
 
11:12:59 **** Incremental Build of configuration Debug for project EX_1 ****
make all 
make: Nothing to be done for 'all'.
11:13:58 **** Incremental Build of configuration Debug for project EX_1 ****
make all 
Building file: ../ex_1.c
Invoking: GCC C Compiler
gcc -O0 -g3 -Wall -c -fmessage-length=0 -MMD -MP -MF"ex_1.d" -MT"ex_1.o" -o "ex_1.o" "../ex_1.c"
Finished building: ../ex_1.c
 
Building target: EX_1.exe
Invoking: MinGW C Linker
gcc  -o "EX_1.exe" ./ex_1.o   
Finished building target: EX_1.exe
 
11:13:59 **** Incremental Build of configuration Debug for project EX_1 ****
make all 
make: Nothing to be done for 'all'.
11:14:44 **** Incremental Build of configuration Debug for project EX_1 ****
make all 
Building file: ../ex_1.c
Invoking: GCC C Compiler
gcc -O0 -g3 -Wall -c -fmessage-length=0 -MMD -MP -MF"ex_1.d" -MT"ex_1.o" -o "ex_1.o" "../ex_1.c"
Finished building: ../ex_1.c
 
Building target: EX_1.exe
Invoking: MinGW C Linker
gcc  -o "EX_1.exe" ./ex_1.o   
Finished building target: EX_1.exe
 
11:14:45 **** Incremental Build of configuration Debug for project EX_1 ****
make all 
make: Nothing to be done for 'all'.
11:15:08 **** Incremental Build of configuration Debug for project EX_1 ****
make all 
Building file: ../ex_1.c
Invoking: GCC C Compiler
gcc -O0 -g3 -Wall -c -fmessage-length=0 -MMD -MP -MF"ex_1.d" -MT"ex_1.o" -o "ex_1.o" "../ex_1.c"
Finished building: ../ex_1.c
 
Building target: EX_1.exe
Invoking: MinGW C Linker
gcc  -o "EX_1.exe" ./ex_1.o   
Finished building target: EX_1.exe
 
11:15:10 **** Incremental Build of configuration Debug for project EX_1 ****
make all 
make: Nothing to be done for 'all'.
11:15:56 **** Incremental Build of configuration Debug for project EX_1 ****
make all 
Building file: ../ex_1.c
Invoking: GCC C Compiler
gcc -O0 -g3 -Wall -c -fmessage-length=0 -MMD -MP -MF"ex_1.d" -MT"ex_1.o" -o "ex_1.o" "../ex_1.c"
Finished building: ../ex_1.c
 
Building target: EX_1.exe
Invoking: MinGW C Linker
gcc  -o "EX_1.exe" ./ex_1.o   
Finished building target: EX_1.exe
 
11:15:58 **** Incremental Build of configuration Debug for project EX_1 ****
make all 
make: Nothing to be done for 'all'.
11:16:11 **** Incremental Build of configuration Debug for project EX_1 ****
make all 
Building file: ../ex_1.c
Invoking: GCC C Compiler
gcc -O0 -g3 -Wall -c -fmessage-length=0 -MMD -MP -MF"ex_1.d" -MT"ex_1.o" -o "ex_1.o" "../ex_1.c"
Finished building: ../ex_1.c
 
Building target: EX_1.exe
Invoking: MinGW C Linker
gcc  -o "EX_1.exe" ./ex_1.o   
Finished building target: EX_1.exe
 
11:16:13 **** Incremental Build of configuration Debug for project EX_1 ****
make all 
make: Nothing to be done for 'all'.
11:22:14 **** Incremental Build of configuration Debug for project EX_1 ****
make all 
Building file: ../ex_1.c
Invoking: GCC C Compiler
gcc -O0 -g3 -Wall -c -fmessage-length=0 -MMD -MP -MF"ex_1.d" -MT"ex_1.o" -o "ex_1.o" "../ex_1.c"
Finished building: ../ex_1.c
 
Building target: EX_1.exe
Invoking: MinGW C Linker
gcc  -o "EX_1.exe" ./ex_1.o   
Finished building target: EX_1.exe
 
11:22:16 **** Incremental Build of configuration Debug for project EX_1 ****
make all 
make: Nothing to be done for 'all'.
11:24:16 **** Incremental Build of configuration Debug for project EX_1 ****
make all 
Building file: ../ex_1.c
Invoking: GCC C Compiler
gcc -O0 -g3 -Wall -c -fmessage-length=0 -MMD -MP -MF"ex_1.d" -MT"ex_1.o" -o "ex_1.o" "../ex_1.c"
Finished building: ../ex_1.c
 
Building target: EX_1.exe
Invoking: MinGW C Linker
gcc  -o "EX_1.exe" ./ex_1.o   
Finished building target: EX_1.exe
 
11:24:26 **** Incremental Build of configuration Debug for project EX_1 ****
make all 
make: Nothing to be done for 'all'.
11:25:10 **** Incremental Build of configuration Debug for project EX_1 ****
make all 
Building file: ../ex_1.c
Invoking: GCC C Compiler
gcc -O0 -g3 -Wall -c -fmessage-length=0 -MMD -MP -MF"ex_1.d" -MT"ex_1.o" -o "ex_1.o" "../ex_1.c"
Finished building: ../ex_1.c
 
Building target: EX_1.exe
Invoking: MinGW C Linker
gcc  -o "EX_1.exe" ./ex_1.o   
Finished building target: EX_1.exe
 
11:25:12 **** Incremental Build of configuration Debug for project EX_1 ****
make all 
make: Nothing to be done for 'all'.
11:25:35 **** Incremental Build of configuration Debug for project EX_1 ****
make all 
Building file: ../ex_1.c
Invoking: GCC C Compiler
gcc -O0 -g3 -Wall -c -fmessage-length=0 -MMD -MP -MF"ex_1.d" -MT"ex_1.o" -o "ex_1.o" "../ex_1.c"
Finished building: ../ex_1.c
 
Building target: EX_1.exe
Invoking: MinGW C Linker
gcc  -o "EX_1.exe" ./ex_1.o   
Finished building target: EX_1.exe
 
11:25:40 **** Incremental Build of configuration Debug for project EX_1 ****
make all 
make: Nothing to be done for 'all'.
11:27:02 **** Incremental Build of configuration Debug for project EX_1 ****
make all 
Building file: ../ex_1.c
Invoking: GCC C Compiler
gcc -O0 -g3 -Wall -c -fmessage-length=0 -MMD -MP -MF"ex_1.d" -MT"ex_1.o" -o "ex_1.o" "../ex_1.c"
Finished building: ../ex_1.c
 
Building target: EX_1.exe
Invoking: MinGW C Linker
gcc  -o "EX_1.exe" ./ex_1.o   
Finished building target: EX_1.exe
 
11:27:06 **** Incremental Build of configuration Debug for project EX_1 ****
make all 
make: Nothing to be done for 'all'.
11:27:41 **** Incremental Build of configuration Debug for project EX_1 ****
make all 
Building file: ../ex_1.c
Invoking: GCC C Compiler
gcc -O0 -g3 -Wall -c -fmessage-length=0 -MMD -MP -MF"ex_1.d" -MT"ex_1.o" -o "ex_1.o" "../ex_1.c"
Finished building: ../ex_1.c
 
Building target: EX_1.exe
Invoking: MinGW C Linker
gcc  -o "EX_1.exe" ./ex_1.o   
Finished building target: EX_1.exe
 
11:27:45 **** Incremental Build of configuration Debug for project EX_1 ****
make all 
make: Nothing to be done for 'all'.
11:27:53 **** Incremental Build of configuration Debug for project EX_1 ****
make all 
Building file: ../ex_1.c
Invoking: GCC C Compiler
gcc -O0 -g3 -Wall -c -fmessage-length=0 -MMD -MP -MF"ex_1.d" -MT"ex_1.o" -o "ex_1.o" "../ex_1.c"
Finished building: ../ex_1.c
 
Building target: EX_1.exe
Invoking: MinGW C Linker
gcc  -o "EX_1.exe" ./ex_1.o   
Finished building target: EX_1.exe
 
11:28:00 **** Incremental Build of configuration Debug for project EX_1 ****
make all 
Building file: ../ex_1.c
Invoking: GCC C Compiler
gcc -O0 -g3 -Wall -c -fmessage-length=0 -MMD -MP -MF"ex_1.d" -MT"ex_1.o" -o "ex_1.o" "../ex_1.c"
Finished building: ../ex_1.c
 
Building target: EX_1.exe
Invoking: MinGW C Linker
gcc  -o "EX_1.exe" ./ex_1.o   
Finished building target: EX_1.exe
 
11:28:03 **** Incremental Build of configuration Debug for project EX_1 ****
make all 
make: Nothing to be done for 'all'.
11:49:26 **** Incremental Build of configuration Debug for project EX_1 ****
make all 
Building file: ../ex_1.c
Invoking: GCC C Compiler
gcc -O0 -g3 -Wall -c -fmessage-length=0 -MMD -MP -MF"ex_1.d" -MT"ex_1.o" -o "ex_1.o" "../ex_1.c"
Finished building: ../ex_1.c
 
Building target: EX_1.exe
Invoking: MinGW C Linker
gcc  -o "EX_1.exe" ./ex_1.o   
Finished building target: EX_1.exe
 
11:49:27 **** Incremental Build of configuration Debug for project EX_1 ****
make all 
make: Nothing to be done for 'all'.
11:51:00 **** Incremental Build of configuration Debug for project EX_1 ****
make all 
Building file: ../ex_1.c
Invoking: GCC C Compiler
gcc -O0 -g3 -Wall -c -fmessage-length=0 -MMD -MP -MF"ex_1.d" -MT"ex_1.o" -o "ex_1.o" "../ex_1.c"
Finished building: ../ex_1.c
 
Building target: EX_1.exe
Invoking: MinGW C Linker
gcc  -o "EX_1.exe" ./ex_1.o   
Finished building target: EX_1.exe
 
11:51:30 **** Incremental Build of configuration Debug for project EX_1 ****
make all 
Building file: ../ex_1.c
Invoking: GCC C Compiler
gcc -O0 -g3 -Wall -c -fmessage-length=0 -MMD -MP -MF"ex_1.d" -MT"ex_1.o" -o "ex_1.o" "../ex_1.c"
Finished building: ../ex_1.c
 
Building target: EX_1.exe
Invoking: MinGW C Linker
gcc  -o "EX_1.exe" ./ex_1.o   
Finished building target: EX_1.exe
 
11:51:37 **** Incremental Build of configuration Debug for project EX_1 ****
make all 
make: Nothing to be done for 'all'.
11:53:11 **** Incremental Build of configuration Debug for project EX_1 ****
make all 
Building file: ../ex_1.c
Invoking: GCC C Compiler
gcc -O0 -g3 -Wall -c -fmessage-length=0 -MMD -MP -MF"ex_1.d" -MT"ex_1.o" -o "ex_1.o" "../ex_1.c"
Finished building: ../ex_1.c
 
Building target: EX_1.exe
Invoking: MinGW C Linker
gcc  -o "EX_1.exe" ./ex_1.o   
Finished building target: EX_1.exe
 
11:53:19 **** Incremental Build of configuration Debug for project EX_1 ****
make all 
Building file: ../ex_1.c
Invoking: GCC C Compiler
gcc -O0 -g3 -Wall -c -fmessage-length=0 -MMD -MP -MF"ex_1.d" -MT"ex_1.o" -o "ex_1.o" "../ex_1.c"
../ex_1.c: In function 'main':
../ex_1.c:14:13: warning: unused variable 'n' [-Wunused-variable]
   14 |         int n=35,count=0,i=1,div=1,first_n,second_n,q=100,p=0;
      |             ^
Finished building: ../ex_1.c
 
Building target: EX_1.exe
Invoking: MinGW C Linker
gcc  -o "EX_1.exe" ./ex_1.o   
Finished building target: EX_1.exe
 
11:53:24 **** Incremental Build of configuration Debug for project EX_1 ****
make all 
make: Nothing to be done for 'all'.
11:53:32 **** Incremental Build of configuration Debug for project EX_1 ****
make all 
make: Nothing to be done for 'all'.
11:53:35 **** Incremental Build of configuration Debug for project EX_1 ****
make all 
make: Nothing to be done for 'all'.
11:53:42 **** Incremental Build of configuration Debug for project EX_1 ****
make all 
Building file: ../ex_1.c
Invoking: GCC C Compiler
gcc -O0 -g3 -Wall -c -fmessage-length=0 -MMD -MP -MF"ex_1.d" -MT"ex_1.o" -o "ex_1.o" "../ex_1.c"
../ex_1.c: In function 'main':
../ex_1.c:14:13: warning: unused variable 'n' [-Wunused-variable]
   14 |         int n=35,count=0,i=1,div=1,first_n,second_n,q=100,p=0;
      |             ^
Finished building: ../ex_1.c
 
Building target: EX_1.exe
Invoking: MinGW C Linker
gcc  -o "EX_1.exe" ./ex_1.o   
Finished building target: EX_1.exe
 
11:53:45 **** Incremental Build of configuration Debug for project EX_1 ****
make all 
make: Nothing to be done for 'all'.
11:54:12 **** Incremental Build of configuration Debug for project EX_1 ****
make all 
Building file: ../ex_1.c
Invoking: GCC C Compiler
gcc -O0 -g3 -Wall -c -fmessage-length=0 -MMD -MP -MF"ex_1.d" -MT"ex_1.o" -o "ex_1.o" "../ex_1.c"
../ex_1.c: In function 'main':
../ex_1.c:14:13: warning: unused variable 'n' [-Wunused-variable]
   14 |         int n=35,count=0,i=1,div=1,first_n,second_n,q=100,p=0;
      |             ^
Finished building: ../ex_1.c
 
Building target: EX_1.exe
Invoking: MinGW C Linker
gcc  -o "EX_1.exe" ./ex_1.o   
Finished building target: EX_1.exe
 
11:54:17 **** Incremental Build of configuration Debug for project EX_1 ****
make all 
make: Nothing to be done for 'all'.
11:54:31 **** Incremental Build of configuration Debug for project EX_1 ****
make all 
Building file: ../ex_1.c
Invoking: GCC C Compiler
gcc -O0 -g3 -Wall -c -fmessage-length=0 -MMD -MP -MF"ex_1.d" -MT"ex_1.o" -o "ex_1.o" "../ex_1.c"
../ex_1.c: In function 'main':
../ex_1.c:14:13: warning: unused variable 'n' [-Wunused-variable]
   14 |         int n=35,count=0,i=1,div=1,first_n,second_n,q=100,p=0;
      |             ^
Finished building: ../ex_1.c
 
Building target: EX_1.exe
Invoking: MinGW C Linker
gcc  -o "EX_1.exe" ./ex_1.o   
Finished building target: EX_1.exe
 
11:54:51 **** Incremental Build of configuration Debug for project EX_1 ****
make all 
Building file: ../ex_1.c
Invoking: GCC C Compiler
gcc -O0 -g3 -Wall -c -fmessage-length=0 -MMD -MP -MF"ex_1.d" -MT"ex_1.o" -o "ex_1.o" "../ex_1.c"
Finished building: ../ex_1.c
 
Building target: EX_1.exe
Invoking: MinGW C Linker
gcc  -o "EX_1.exe" ./ex_1.o   
Finished building target: EX_1.exe
 
11:54:54 **** Incremental Build of configuration Debug for project EX_1 ****
make all 
make: Nothing to be done for 'all'.
11:55:37 **** Incremental Build of configuration Debug for project EX_1 ****
make all 
Building file: ../ex_1.c
Invoking: GCC C Compiler
gcc -O0 -g3 -Wall -c -fmessage-length=0 -MMD -MP -MF"ex_1.d" -MT"ex_1.o" -o "ex_1.o" "../ex_1.c"
Finished building: ../ex_1.c
 
Building target: EX_1.exe
Invoking: MinGW C Linker
gcc  -o "EX_1.exe" ./ex_1.o   
Finished building target: EX_1.exe
 
11:55:41 **** Incremental Build of configuration Debug for project EX_1 ****
make all 
make: Nothing to be done for 'all'.
11:55:49 **** Incremental Build of configuration Debug for project EX_1 ****
make all 
Building file: ../ex_1.c
Invoking: GCC C Compiler
gcc -O0 -g3 -Wall -c -fmessage-length=0 -MMD -MP -MF"ex_1.d" -MT"ex_1.o" -o "ex_1.o" "../ex_1.c"
Finished building: ../ex_1.c
 
Building target: EX_1.exe
Invoking: MinGW C Linker
gcc  -o "EX_1.exe" ./ex_1.o   
Finished building target: EX_1.exe
 
11:56:38 **** Incremental Build of configuration Debug for project EX_1 ****
make all 
Building file: ../ex_1.c
Invoking: GCC C Compiler
gcc -O0 -g3 -Wall -c -fmessage-length=0 -MMD -MP -MF"ex_1.d" -MT"ex_1.o" -o "ex_1.o" "../ex_1.c"
../ex_1.c: In function 'main':
../ex_1.c:14:48: warning: unused variable 'q' [-Wunused-variable]
   14 |         int count=0,i=1,div=1,first_n,second_n,q=100,p=55,j;
      |                                                ^
Finished building: ../ex_1.c
 
Building target: EX_1.exe
Invoking: MinGW C Linker
gcc  -o "EX_1.exe" ./ex_1.o   
Finished building target: EX_1.exe
 
11:56:42 **** Incremental Build of configuration Debug for project EX_1 ****
make all 
make: Nothing to be done for 'all'.
11:57:26 **** Incremental Build of configuration Debug for project EX_1 ****
make all 
Building file: ../ex_1.c
Invoking: GCC C Compiler
gcc -O0 -g3 -Wall -c -fmessage-length=0 -MMD -MP -MF"ex_1.d" -MT"ex_1.o" -o "ex_1.o" "../ex_1.c"
Finished building: ../ex_1.c
 
Building target: EX_1.exe
Invoking: MinGW C Linker
gcc  -o "EX_1.exe" ./ex_1.o   
Finished building target: EX_1.exe
 
11:57:33 **** Incremental Build of configuration Debug for project EX_1 ****
make all 
Building file: ../ex_1.c
Invoking: GCC C Compiler
gcc -O0 -g3 -Wall -c -fmessage-length=0 -MMD -MP -MF"ex_1.d" -MT"ex_1.o" -o "ex_1.o" "../ex_1.c"
Finished building: ../ex_1.c
 
Building target: EX_1.exe
Invoking: MinGW C Linker
gcc  -o "EX_1.exe" ./ex_1.o   
Finished building target: EX_1.exe
 
11:57:35 **** Incremental Build of configuration Debug for project EX_1 ****
make all 
make: Nothing to be done for 'all'.
11:58:56 **** Incremental Build of configuration Debug for project EX_1 ****
make all 
Building file: ../ex_1.c
Invoking: GCC C Compiler
gcc -O0 -g3 -Wall -c -fmessage-length=0 -MMD -MP -MF"ex_1.d" -MT"ex_1.o" -o "ex_1.o" "../ex_1.c"
../ex_1.c: In function 'main':
../ex_1.c:14:44: warning: unused variable 'second_n' [-Wunused-variable]
   14 |         int n=55,count=0,i=1,div=1,first_n,second_n,q=100;
      |                                            ^~~~~~~~
../ex_1.c:14:36: warning: unused variable 'first_n' [-Wunused-variable]
   14 |         int n=55,count=0,i=1,div=1,first_n,second_n,q=100;
      |                                    ^~~~~~~
../ex_1.c:14:30: warning: unused variable 'div' [-Wunused-variable]
   14 |         int n=55,count=0,i=1,div=1,first_n,second_n,q=100;
      |                              ^~~
../ex_1.c:14:26: warning: unused variable 'i' [-Wunused-variable]
   14 |         int n=55,count=0,i=1,div=1,first_n,second_n,q=100;
      |                          ^
../ex_1.c:14:18: warning: unused variable 'count' [-Wunused-variable]
   14 |         int n=55,count=0,i=1,div=1,first_n,second_n,q=100;
      |                  ^~~~~
Finished building: ../ex_1.c
 
Building target: EX_1.exe
Invoking: MinGW C Linker
gcc  -o "EX_1.exe" ./ex_1.o   
Finished building target: EX_1.exe
 
11:59:20 **** Incremental Build of configuration Debug for project EX_1 ****
make all 
Building file: ../ex_1.c
Invoking: GCC C Compiler
gcc -O0 -g3 -Wall -c -fmessage-length=0 -MMD -MP -MF"ex_1.d" -MT"ex_1.o" -o "ex_1.o" "../ex_1.c"
../ex_1.c: In function 'main':
../ex_1.c:15:13: error: redefinition of 'n'
   15 |         int n=35,count=0,i=1,div=1,first_n,second_n;
      |             ^
../ex_1.c:14:13: note: previous definition of 'n' with type 'int'
   14 |         int n=55,count=0,i=1,div=1,first_n,second_n,q=100;
      |             ^
../ex_1.c:15:18: error: redefinition of 'count'
   15 |         int n=35,count=0,i=1,div=1,first_n,second_n;
      |                  ^~~~~
../ex_1.c:14:18: note: previous definition of 'count' with type 'int'
   14 |         int n=55,count=0,i=1,div=1,first_n,second_n,q=100;
      |                  ^~~~~
../ex_1.c:15:26: error: redefinition of 'i'
   15 |         int n=35,count=0,i=1,div=1,first_n,second_n;
      |                          ^
../ex_1.c:14:26: note: previous definition of 'i' with type 'int'
   14 |         int n=55,count=0,i=1,div=1,first_n,second_n,q=100;
      |                          ^
../ex_1.c:15:30: error: redefinition of 'div'
   15 |         int n=35,count=0,i=1,div=1,first_n,second_n;
      |                              ^~~
../ex_1.c:14:30: note: previous definition of 'div' with type 'int'
   14 |         int n=55,count=0,i=1,div=1,first_n,second_n,q=100;
      |                              ^~~
../ex_1.c:15:36: error: redeclaration of 'first_n' with no linkage
   15 |         int n=35,count=0,i=1,div=1,first_n,second_n;
      |                                    ^~~~~~~
../ex_1.c:14:36: note: previous declaration of 'first_n' with type 'int'
   14 |         int n=55,count=0,i=1,div=1,first_n,second_n,q=100;
      |                                    ^~~~~~~
../ex_1.c:15:44: error: redeclaration of 'second_n' with no linkage
   15 |         int n=35,count=0,i=1,div=1,first_n,second_n;
      |                                            ^~~~~~~~
../ex_1.c:14:44: note: previous declaration of 'second_n' with type 'int'
   14 |         int n=55,count=0,i=1,div=1,first_n,second_n,q=100;
      |                                            ^~~~~~~~
make: *** [subdir.mk:20: ex_1.o] Error 1
"make all" terminated with exit code 2. Build might be incomplete.
11:59:25 **** Incremental Build of configuration Debug for project EX_1 ****
make all 
Building file: ../ex_1.c
Invoking: GCC C Compiler
gcc -O0 -g3 -Wall -c -fmessage-length=0 -MMD -MP -MF"ex_1.d" -MT"ex_1.o" -o "ex_1.o" "../ex_1.c"
Finished building: ../ex_1.c
 
Building target: EX_1.exe
Invoking: MinGW C Linker
gcc  -o "EX_1.exe" ./ex_1.o   
Finished building target: EX_1.exe
 
11:59:40 **** Incremental Build of configuration Debug for project EX_1 ****
make all 
Building file: ../ex_1.c
Invoking: GCC C Compiler
gcc -O0 -g3 -Wall -c -fmessage-length=0 -MMD -MP -MF"ex_1.d" -MT"ex_1.o" -o "ex_1.o" "../ex_1.c"
Finished building: ../ex_1.c
 
Building target: EX_1.exe
Invoking: MinGW C Linker
gcc  -o "EX_1.exe" ./ex_1.o   
Finished building target: EX_1.exe
 
11:59:55 **** Incremental Build of configuration Debug for project EX_1 ****
make all 
Building file: ../ex_1.c
Invoking: GCC C Compiler
gcc -O0 -g3 -Wall -c -fmessage-length=0 -MMD -MP -MF"ex_1.d" -MT"ex_1.o" -o "ex_1.o" "../ex_1.c"
Finished building: ../ex_1.c
 
Building target: EX_1.exe
Invoking: MinGW C Linker
gcc  -o "EX_1.exe" ./ex_1.o   
Finished building target: EX_1.exe
 
11:59:58 **** Incremental Build of configuration Debug for project EX_1 ****
make all 
make: Nothing to be done for 'all'.
12:00:02 **** Incremental Build of configuration Debug for project EX_1 ****
make all 
make: Nothing to be done for 'all'.
12:00:48 **** Incremental Build of configuration Debug for project EX_1 ****
make all 
Building file: ../ex_1.c
Invoking: GCC C Compiler
gcc -O0 -g3 -Wall -c -fmessage-length=0 -MMD -MP -MF"ex_1.d" -MT"ex_1.o" -o "ex_1.o" "../ex_1.c"
Finished building: ../ex_1.c
 
Building target: EX_1.exe
Invoking: MinGW C Linker
gcc  -o "EX_1.exe" ./ex_1.o   
Finished building target: EX_1.exe
 
12:00:52 **** Incremental Build of configuration Debug for project EX_1 ****
make all 
make: Nothing to be done for 'all'.
12:01:27 **** Incremental Build of configuration Debug for project EX_1 ****
make all 
Building file: ../ex_1.c
Invoking: GCC C Compiler
gcc -O0 -g3 -Wall -c -fmessage-length=0 -MMD -MP -MF"ex_1.d" -MT"ex_1.o" -o "ex_1.o" "../ex_1.c"
Finished building: ../ex_1.c
 
Building target: EX_1.exe
Invoking: MinGW C Linker
gcc  -o "EX_1.exe" ./ex_1.o   
Finished building target: EX_1.exe
 
12:01:28 **** Incremental Build of configuration Debug for project EX_1 ****
make all 
make: Nothing to be done for 'all'.
12:01:34 **** Incremental Build of configuration Debug for project EX_1 ****
make all 
Building file: ../ex_1.c
Invoking: GCC C Compiler
gcc -O0 -g3 -Wall -c -fmessage-length=0 -MMD -MP -MF"ex_1.d" -MT"ex_1.o" -o "ex_1.o" "../ex_1.c"
Finished building: ../ex_1.c
 
Building target: EX_1.exe
Invoking: MinGW C Linker
gcc  -o "EX_1.exe" ./ex_1.o   
Finished building target: EX_1.exe
 
12:01:37 **** Incremental Build of configuration Debug for project EX_1 ****
make all 
make: Nothing to be done for 'all'.
12:04:07 **** Incremental Build of configuration Debug for project EX_1 ****
make all 
Building file: ../ex_1.c
Invoking: GCC C Compiler
gcc -O0 -g3 -Wall -c -fmessage-length=0 -MMD -MP -MF"ex_1.d" -MT"ex_1.o" -o "ex_1.o" "../ex_1.c"
../ex_1.c: In function 'main':
../ex_1.c:15:25: error: redeclaration of 'i' with no linkage
   15 |         int n=9,count=0,i=1,div=1,first_n,second_n;
      |                         ^
../ex_1.c:14:13: note: previous declaration of 'i' with type 'int'
   14 |         int i;
      |             ^
make: *** [subdir.mk:20: ex_1.o] Error 1
"make all" terminated with exit code 2. Build might be incomplete.
12:04:08 **** Incremental Build of configuration Debug for project EX_1 ****
make all 
Building file: ../ex_1.c
Invoking: GCC C Compiler
gcc -O0 -g3 -Wall -c -fmessage-length=0 -MMD -MP -MF"ex_1.d" -MT"ex_1.o" -o "ex_1.o" "../ex_1.c"
../ex_1.c: In function 'main':
../ex_1.c:15:25: error: redeclaration of 'i' with no linkage
   15 |         int n=9,count=0,i=1,div=1,first_n,second_n;
      |                         ^
../ex_1.c:14:13: note: previous declaration of 'i' with type 'int'
   14 |         int i;
      |             ^
make: *** [subdir.mk:20: ex_1.o] Error 1
"make all" terminated with exit code 2. Build might be incomplete.
12:04:26 **** Incremental Build of configuration Debug for project EX_1 ****
make all 
Building file: ../ex_1.c
Invoking: GCC C Compiler
gcc -O0 -g3 -Wall -c -fmessage-length=0 -MMD -MP -MF"ex_1.d" -MT"ex_1.o" -o "ex_1.o" "../ex_1.c"
../ex_1.c: In function 'main':
../ex_1.c:15:25: error: redeclaration of 'i' with no linkage
   15 |         int n=9,count=0,i=1,div=1,first_n,second_n;
      |                         ^
../ex_1.c:14:13: note: previous declaration of 'i' with type 'int'
   14 |         int i;
      |             ^
../ex_1.c:17:13: error: 'j' undeclared (first use in this function)
   17 |         for(j=10;j<13;j++)
      |             ^
../ex_1.c:17:13: note: each undeclared identifier is reported only once for each function it appears in
make: *** [subdir.mk:20: ex_1.o] Error 1
"make all" terminated with exit code 2. Build might be incomplete.
12:04:32 **** Incremental Build of configuration Debug for project EX_1 ****
make all 
Building file: ../ex_1.c
Invoking: GCC C Compiler
gcc -O0 -g3 -Wall -c -fmessage-length=0 -MMD -MP -MF"ex_1.d" -MT"ex_1.o" -o "ex_1.o" "../ex_1.c"
../ex_1.c: In function 'main':
../ex_1.c:15:25: error: redeclaration of 'i' with no linkage
   15 |         int n=9,count=0,i=1,div=1,first_n,second_n,j;
      |                         ^
../ex_1.c:14:13: note: previous declaration of 'i' with type 'int'
   14 |         int i;
      |             ^
make: *** [subdir.mk:20: ex_1.o] Error 1
"make all" terminated with exit code 2. Build might be incomplete.
12:04:44 **** Incremental Build of configuration Debug for project EX_1 ****
make all 
Building file: ../ex_1.c
Invoking: GCC C Compiler
gcc -O0 -g3 -Wall -c -fmessage-length=0 -MMD -MP -MF"ex_1.d" -MT"ex_1.o" -o "ex_1.o" "../ex_1.c"
../ex_1.c: In function 'main':
../ex_1.c:15:25: error: redeclaration of 'i' with no linkage
   15 |         int n=9,count=0,i=1,div=1,first_n,second_n,j;
      |                         ^
../ex_1.c:14:13: note: previous declaration of 'i' with type 'int'
   14 |         int i;
      |             ^
make: *** [subdir.mk:20: ex_1.o] Error 1
"make all" terminated with exit code 2. Build might be incomplete.
12:04:45 **** Incremental Build of configuration Debug for project EX_1 ****
make all 
Building file: ../ex_1.c
Invoking: GCC C Compiler
gcc -O0 -g3 -Wall -c -fmessage-length=0 -MMD -MP -MF"ex_1.d" -MT"ex_1.o" -o "ex_1.o" "../ex_1.c"
../ex_1.c: In function 'main':
../ex_1.c:15:25: error: redeclaration of 'i' with no linkage
   15 |         int n=9,count=0,i=1,div=1,first_n,second_n,j;
      |                         ^
../ex_1.c:14:13: note: previous declaration of 'i' with type 'int'
   14 |         int i;
      |             ^
make: *** [subdir.mk:20: ex_1.o] Error 1
"make all" terminated with exit code 2. Build might be incomplete.
12:04:47 **** Incremental Build of configuration Debug for project EX_1 ****
make all 
Building file: ../ex_1.c
Invoking: GCC C Compiler
gcc -O0 -g3 -Wall -c -fmessage-length=0 -MMD -MP -MF"ex_1.d" -MT"ex_1.o" -o "ex_1.o" "../ex_1.c"
../ex_1.c: In function 'main':
../ex_1.c:15:25: error: redeclaration of 'i' with no linkage
   15 |         int n=9,count=0,i=1,div=1,first_n,second_n,j;
      |                         ^
../ex_1.c:14:13: note: previous declaration of 'i' with type 'int'
   14 |         int i;
      |             ^
make: *** [subdir.mk:20: ex_1.o] Error 1
"make all" terminated with exit code 2. Build might be incomplete.
12:05:19 **** Incremental Build of configuration Debug for project EX_1 ****
make all 
Building file: ../ex_1.c
Invoking: GCC C Compiler
gcc -O0 -g3 -Wall -c -fmessage-length=0 -MMD -MP -MF"ex_1.d" -MT"ex_1.o" -o "ex_1.o" "../ex_1.c"
Finished building: ../ex_1.c
 
Building target: EX_1.exe
Invoking: MinGW C Linker
gcc  -o "EX_1.exe" ./ex_1.o   
Finished building target: EX_1.exe
 
12:05:22 **** Incremental Build of configuration Debug for project EX_1 ****
make all 
make: Nothing to be done for 'all'.
12:05:41 **** Incremental Build of configuration Debug for project EX_1 ****
make all 
Building file: ../ex_1.c
Invoking: GCC C Compiler
gcc -O0 -g3 -Wall -c -fmessage-length=0 -MMD -MP -MF"ex_1.d" -MT"ex_1.o" -o "ex_1.o" "../ex_1.c"
Finished building: ../ex_1.c
 
Building target: EX_1.exe
Invoking: MinGW C Linker
gcc  -o "EX_1.exe" ./ex_1.o   
Finished building target: EX_1.exe
 
12:05:43 **** Incremental Build of configuration Debug for project EX_1 ****
make all 
make: Nothing to be done for 'all'.
12:06:37 **** Incremental Build of configuration Debug for project EX_1 ****
make all 
Building file: ../ex_1.c
Invoking: GCC C Compiler
gcc -O0 -g3 -Wall -c -fmessage-length=0 -MMD -MP -MF"ex_1.d" -MT"ex_1.o" -o "ex_1.o" "../ex_1.c"
Finished building: ../ex_1.c
 
Building target: EX_1.exe
Invoking: MinGW C Linker
gcc  -o "EX_1.exe" ./ex_1.o   
Finished building target: EX_1.exe
 
12:06:38 **** Incremental Build of configuration Debug for project EX_1 ****
make all 
make: Nothing to be done for 'all'.
12:06:48 **** Incremental Build of configuration Debug for project EX_1 ****
make all 
Building file: ../ex_1.c
Invoking: GCC C Compiler
gcc -O0 -g3 -Wall -c -fmessage-length=0 -MMD -MP -MF"ex_1.d" -MT"ex_1.o" -o "ex_1.o" "../ex_1.c"
Finished building: ../ex_1.c
 
Building target: EX_1.exe
Invoking: MinGW C Linker
gcc  -o "EX_1.exe" ./ex_1.o   
Finished building target: EX_1.exe
 
12:06:49 **** Incremental Build of configuration Debug for project EX_1 ****
make all 
make: Nothing to be done for 'all'.
12:06:54 **** Incremental Build of configuration Debug for project EX_1 ****
make all 
make: Nothing to be done for 'all'.
12:06:57 **** Incremental Build of configuration Debug for project EX_1 ****
make all 
make: Nothing to be done for 'all'.
12:07:00 **** Incremental Build of configuration Debug for project EX_1 ****
make all 
make: Nothing to be done for 'all'.
12:07:04 **** Incremental Build of configuration Debug for project EX_1 ****
make all 
make: Nothing to be done for 'all'.
12:07:13 **** Incremental Build of configuration Debug for project EX_1 ****
make all 
make: Nothing to be done for 'all'.
12:07:15 **** Incremental Build of configuration Debug for project EX_1 ****
make all 
make: Nothing to be done for 'all'.
12:07:30 **** Incremental Build of configuration Debug for project EX_1 ****
make all 
Building file: ../ex_1.c
Invoking: GCC C Compiler
gcc -O0 -g3 -Wall -c -fmessage-length=0 -MMD -MP -MF"ex_1.d" -MT"ex_1.o" -o "ex_1.o" "../ex_1.c"
Finished building: ../ex_1.c
 
Building target: EX_1.exe
Invoking: MinGW C Linker
gcc  -o "EX_1.exe" ./ex_1.o   
Finished building target: EX_1.exe
 
12:07:31 **** Incremental Build of configuration Debug for project EX_1 ****
make all 
make: Nothing to be done for 'all'.
12:07:59 **** Incremental Build of configuration Debug for project EX_1 ****
make all 
Building file: ../ex_1.c
Invoking: GCC C Compiler
gcc -O0 -g3 -Wall -c -fmessage-length=0 -MMD -MP -MF"ex_1.d" -MT"ex_1.o" -o "ex_1.o" "../ex_1.c"
Finished building: ../ex_1.c
 
Building target: EX_1.exe
Invoking: MinGW C Linker
gcc  -o "EX_1.exe" ./ex_1.o   
Finished building target: EX_1.exe
 
12:08:00 **** Incremental Build of configuration Debug for project EX_1 ****
make all 
make: Nothing to be done for 'all'.
12:09:19 **** Incremental Build of configuration Debug for project EX_1 ****
make all 
Building file: ../ex_1.c
Invoking: GCC C Compiler
gcc -O0 -g3 -Wall -c -fmessage-length=0 -MMD -MP -MF"ex_1.d" -MT"ex_1.o" -o "ex_1.o" "../ex_1.c"
Finished building: ../ex_1.c
 
Building target: EX_1.exe
Invoking: MinGW C Linker
gcc  -o "EX_1.exe" ./ex_1.o   
Finished building target: EX_1.exe
 
12:09:21 **** Incremental Build of configuration Debug for project EX_1 ****
make all 
make: Nothing to be done for 'all'.
12:09:23 **** Incremental Build of configuration Debug for project EX_1 ****
make all 
make: Nothing to be done for 'all'.
12:09:55 **** Incremental Build of configuration Debug for project EX_1 ****
make all 
Building file: ../ex_1.c
Invoking: GCC C Compiler
gcc -O0 -g3 -Wall -c -fmessage-length=0 -MMD -MP -MF"ex_1.d" -MT"ex_1.o" -o "ex_1.o" "../ex_1.c"
Finished building: ../ex_1.c
 
Building target: EX_1.exe
Invoking: MinGW C Linker
gcc  -o "EX_1.exe" ./ex_1.o   
Finished building target: EX_1.exe
 
12:09:57 **** Incremental Build of configuration Debug for project EX_1 ****
make all 
make: Nothing to be done for 'all'.
12:10:28 **** Incremental Build of configuration Debug for project EX_1 ****
make all 
Building file: ../ex_1.c
Invoking: GCC C Compiler
gcc -O0 -g3 -Wall -c -fmessage-length=0 -MMD -MP -MF"ex_1.d" -MT"ex_1.o" -o "ex_1.o" "../ex_1.c"
Finished building: ../ex_1.c
 
Building target: EX_1.exe
Invoking: MinGW C Linker
gcc  -o "EX_1.exe" ./ex_1.o   
Finished building target: EX_1.exe
 
12:10:29 **** Incremental Build of configuration Debug for project EX_1 ****
make all 
make: Nothing to be done for 'all'.
12:11:31 **** Incremental Build of configuration Debug for project EX_1 ****
make all 
Building file: ../ex_1.c
Invoking: GCC C Compiler
gcc -O0 -g3 -Wall -c -fmessage-length=0 -MMD -MP -MF"ex_1.d" -MT"ex_1.o" -o "ex_1.o" "../ex_1.c"
Finished building: ../ex_1.c
 
Building target: EX_1.exe
Invoking: MinGW C Linker
gcc  -o "EX_1.exe" ./ex_1.o   
Finished building target: EX_1.exe
 
12:11:36 **** Incremental Build of configuration Debug for project EX_1 ****
make all 
Building file: ../ex_1.c
Invoking: GCC C Compiler
gcc -O0 -g3 -Wall -c -fmessage-length=0 -MMD -MP -MF"ex_1.d" -MT"ex_1.o" -o "ex_1.o" "../ex_1.c"
../ex_1.c: In function 'main':
../ex_1.c:23:38: error: expected ';' before 'printf'
   23 |                 number=j*j;number=n*n
      |                                      ^
      |                                      ;
   24 |                 printf("number : #%d\n",j+1);
      |                 ~~~~~~                
make: *** [subdir.mk:20: ex_1.o] Error 1
"make all" terminated with exit code 2. Build might be incomplete.
12:11:45 **** Incremental Build of configuration Debug for project EX_1 ****
make all 
Building file: ../ex_1.c
Invoking: GCC C Compiler
gcc -O0 -g3 -Wall -c -fmessage-length=0 -MMD -MP -MF"ex_1.d" -MT"ex_1.o" -o "ex_1.o" "../ex_1.c"
Finished building: ../ex_1.c
 
Building target: EX_1.exe
Invoking: MinGW C Linker
gcc  -o "EX_1.exe" ./ex_1.o   
Finished building target: EX_1.exe
 
12:11:46 **** Incremental Build of configuration Debug for project EX_1 ****
make all 
make: Nothing to be done for 'all'.
12:12:03 **** Incremental Build of configuration Debug for project EX_1 ****
make all 
Building file: ../ex_1.c
Invoking: GCC C Compiler
gcc -O0 -g3 -Wall -c -fmessage-length=0 -MMD -MP -MF"ex_1.d" -MT"ex_1.o" -o "ex_1.o" "../ex_1.c"
Finished building: ../ex_1.c
 
Building target: EX_1.exe
Invoking: MinGW C Linker
gcc  -o "EX_1.exe" ./ex_1.o   
Finished building target: EX_1.exe
 
12:12:05 **** Incremental Build of configuration Debug for project EX_1 ****
make all 
make: Nothing to be done for 'all'.
12:12:57 **** Incremental Build of configuration Debug for project EX_1 ****
make all 
Building file: ../ex_1.c
Invoking: GCC C Compiler
gcc -O0 -g3 -Wall -c -fmessage-length=0 -MMD -MP -MF"ex_1.d" -MT"ex_1.o" -o "ex_1.o" "../ex_1.c"
Finished building: ../ex_1.c
 
Building target: EX_1.exe
Invoking: MinGW C Linker
gcc  -o "EX_1.exe" ./ex_1.o   
Finished building target: EX_1.exe
 
12:12:59 **** Incremental Build of configuration Debug for project EX_1 ****
make all 
make: Nothing to be done for 'all'.
12:13:12 **** Incremental Build of configuration Debug for project EX_1 ****
make all 
Building file: ../ex_1.c
Invoking: GCC C Compiler
gcc -O0 -g3 -Wall -c -fmessage-length=0 -MMD -MP -MF"ex_1.d" -MT"ex_1.o" -o "ex_1.o" "../ex_1.c"
../ex_1.c: In function 'main':
../ex_1.c:15:13: warning: unused variable 'n' [-Wunused-variable]
   15 |         int n=9,count=0,i=1,div=1,first_n,second_n,j,p=0,q=5;
      |             ^
Finished building: ../ex_1.c
 
Building target: EX_1.exe
Invoking: MinGW C Linker
gcc  -o "EX_1.exe" ./ex_1.o   
Finished building target: EX_1.exe
 
12:13:15 **** Incremental Build of configuration Debug for project EX_1 ****
make all 
make: Nothing to be done for 'all'.
12:13:37 **** Incremental Build of configuration Debug for project EX_1 ****
make all 
Building file: ../ex_1.c
Invoking: GCC C Compiler
gcc -O0 -g3 -Wall -c -fmessage-length=0 -MMD -MP -MF"ex_1.d" -MT"ex_1.o" -o "ex_1.o" "../ex_1.c"
../ex_1.c: In function 'main':
../ex_1.c:15:13: warning: unused variable 'n' [-Wunused-variable]
   15 |         int n=9,count=0,i=1,div=1,first_n,second_n,j,p=0,q=100;
      |             ^
Finished building: ../ex_1.c
 
Building target: EX_1.exe
Invoking: MinGW C Linker
gcc  -o "EX_1.exe" ./ex_1.o   
Finished building target: EX_1.exe
 
12:14:06 **** Incremental Build of configuration Debug for project EX_1 ****
make all 
Building file: ../ex_1.c
Invoking: GCC C Compiler
gcc -O0 -g3 -Wall -c -fmessage-length=0 -MMD -MP -MF"ex_1.d" -MT"ex_1.o" -o "ex_1.o" "../ex_1.c"
../ex_1.c: In function 'main':
../ex_1.c:44:34: warning: format '%d' expects argument of type 'int', but argument 2 has type 'long int' [-Wformat=]
   44 |                 printf("first = %d\n",first_n);
      |                                 ~^    ~~~~~~~
      |                                  |    |
      |                                  int  long int
      |                                 %ld
../ex_1.c:45:35: warning: format '%d' expects argument of type 'int', but argument 2 has type 'long int' [-Wformat=]
   45 |                 printf("second = %d\n",second_n);
      |                                  ~^    ~~~~~~~~
      |                                   |    |
      |                                   int  long int
      |                                  %ld
../ex_1.c:15:13: warning: unused variable 'n' [-Wunused-variable]
   15 |         int n=9,count=0,i=1,div=1,j,p=0,q=100;
      |             ^
Finished building: ../ex_1.c
 
Building target: EX_1.exe
Invoking: MinGW C Linker
gcc  -o "EX_1.exe" ./ex_1.o   
Finished building target: EX_1.exe
 
12:14:15 **** Incremental Build of configuration Debug for project EX_1 ****
make all 
Building file: ../ex_1.c
Invoking: GCC C Compiler
gcc -O0 -g3 -Wall -c -fmessage-length=0 -MMD -MP -MF"ex_1.d" -MT"ex_1.o" -o "ex_1.o" "../ex_1.c"
../ex_1.c: In function 'main':
../ex_1.c:15:13: error: expected identifier or '(' before ',' token
   15 |         int ,count=0,i=1,div=1,j,p=0,q=100;
      |             ^
../ex_1.c:17:13: error: 'j' undeclared (first use in this function); did you mean 'jn'?
   17 |         for(j=p;j<q;j++)
      |             ^
      |             jn
../ex_1.c:17:13: note: each undeclared identifier is reported only once for each function it appears in
../ex_1.c:17:15: error: 'p' undeclared (first use in this function)
   17 |         for(j=p;j<q;j++)
      |               ^
../ex_1.c:17:19: error: 'q' undeclared (first use in this function)
   17 |         for(j=p;j<q;j++)
      |                   ^
../ex_1.c:30:25: error: 'count' undeclared (first use in this function)
   30 |                         count++;
      |                         ^~~~~
../ex_1.c:33:23: error: 'i' undeclared (first use in this function)
   33 |                 while(i<=(count/2))
      |                       ^
../ex_1.c:36:25: error: 'div' undeclared (first use in this function)
   36 |                         div*=10;
      |                         ^~~
../ex_1.c:44:34: warning: format '%d' expects argument of type 'int', but argument 2 has type 'long int' [-Wformat=]
   44 |                 printf("first = %d\n",first_n);
      |                                 ~^    ~~~~~~~
      |                                  |    |
      |                                  int  long int
      |                                 %ld
../ex_1.c:45:35: warning: format '%d' expects argument of type 'int', but argument 2 has type 'long int' [-Wformat=]
   45 |                 printf("second = %d\n",second_n);
      |                                  ~^    ~~~~~~~~
      |                                   |    |
      |                                   int  long int
      |                                  %ld
make: *** [subdir.mk:20: ex_1.o] Error 1
"make all" terminated with exit code 2. Build might be incomplete.
12:14:16 **** Incremental Build of configuration Debug for project EX_1 ****
make all 
Building file: ../ex_1.c
Invoking: GCC C Compiler
gcc -O0 -g3 -Wall -c -fmessage-length=0 -MMD -MP -MF"ex_1.d" -MT"ex_1.o" -o "ex_1.o" "../ex_1.c"
../ex_1.c: In function 'main':
../ex_1.c:44:34: warning: format '%d' expects argument of type 'int', but argument 2 has type 'long int' [-Wformat=]
   44 |                 printf("first = %d\n",first_n);
      |                                 ~^    ~~~~~~~
      |                                  |    |
      |                                  int  long int
      |                                 %ld
../ex_1.c:45:35: warning: format '%d' expects argument of type 'int', but argument 2 has type 'long int' [-Wformat=]
   45 |                 printf("second = %d\n",second_n);
      |                                  ~^    ~~~~~~~~
      |                                   |    |
      |                                   int  long int
      |                                  %ld
Finished building: ../ex_1.c
 
Building target: EX_1.exe
Invoking: MinGW C Linker
gcc  -o "EX_1.exe" ./ex_1.o   
Finished building target: EX_1.exe
 
12:14:20 **** Incremental Build of configuration Debug for project EX_1 ****
make all 
make: Nothing to be done for 'all'.
12:14:23 **** Incremental Build of configuration Debug for project EX_1 ****
make all 
make: Nothing to be done for 'all'.
12:14:30 **** Incremental Build of configuration Debug for project EX_1 ****
make all 
Building file: ../ex_1.c
Invoking: GCC C Compiler
gcc -O0 -g3 -Wall -c -fmessage-length=0 -MMD -MP -MF"ex_1.d" -MT"ex_1.o" -o "ex_1.o" "../ex_1.c"
../ex_1.c: In function 'main':
../ex_1.c:44:34: warning: format '%d' expects argument of type 'int', but argument 2 has type 'long int' [-Wformat=]
   44 |                 printf("first = %d\n",first_n);
      |                                 ~^    ~~~~~~~
      |                                  |    |
      |                                  int  long int
      |                                 %ld
../ex_1.c:45:35: warning: format '%d' expects argument of type 'int', but argument 2 has type 'long int' [-Wformat=]
   45 |                 printf("second = %d\n",second_n);
      |                                  ~^    ~~~~~~~~
      |                                   |    |
      |                                   int  long int
      |                                  %ld
Finished building: ../ex_1.c
 
Building target: EX_1.exe
Invoking: MinGW C Linker
gcc  -o "EX_1.exe" ./ex_1.o   
Finished building target: EX_1.exe
 
12:14:32 **** Incremental Build of configuration Debug for project EX_1 ****
make all 
make: Nothing to be done for 'all'.
12:14:33 **** Incremental Build of configuration Debug for project EX_1 ****
make all 
make: Nothing to be done for 'all'.
12:15:08 **** Incremental Build of configuration Debug for project EX_1 ****
make all 
Building file: ../ex_1.c
Invoking: GCC C Compiler
gcc -O0 -g3 -Wall -c -fmessage-length=0 -MMD -MP -MF"ex_1.d" -MT"ex_1.o" -o "ex_1.o" "../ex_1.c"
../ex_1.c: In function 'main':
../ex_1.c:44:35: warning: unknown conversion type character '\x0a' in format [-Wformat=]
   44 |                 printf("first = %l\n",first_n);
      |                                   ^~
../ex_1.c:44:24: warning: too many arguments for format [-Wformat-extra-args]
   44 |                 printf("first = %l\n",first_n);
      |                        ^~~~~~~~~~~~~~
../ex_1.c:45:36: warning: unknown conversion type character '\x0a' in format [-Wformat=]
   45 |                 printf("second = %l\n",second_n);
      |                                    ^~
../ex_1.c:45:24: warning: too many arguments for format [-Wformat-extra-args]
   45 |                 printf("second = %l\n",second_n);
      |                        ^~~~~~~~~~~~~~~
Finished building: ../ex_1.c
 
Building target: EX_1.exe
Invoking: MinGW C Linker
gcc  -o "EX_1.exe" ./ex_1.o   
Finished building target: EX_1.exe
 
12:15:21 **** Incremental Build of configuration Debug for project EX_1 ****
make all 
Building file: ../ex_1.c
Invoking: GCC C Compiler
gcc -O0 -g3 -Wall -c -fmessage-length=0 -MMD -MP -MF"ex_1.d" -MT"ex_1.o" -o "ex_1.o" "../ex_1.c"
../ex_1.c: In function 'main':
../ex_1.c:44:35: warning: format '%ln' expects argument of type 'long int *', but argument 2 has type 'long int' [-Wformat=]
   44 |                 printf("first = %ln\n",first_n);
      |                                 ~~^    ~~~~~~~
      |                                   |    |
      |                                   |    long int
      |                                   long int *
      |                                 %ld
../ex_1.c:45:36: warning: format '%ln' expects argument of type 'long int *', but argument 2 has type 'long int' [-Wformat=]
   45 |                 printf("second = %ln\n",second_n);
      |                                  ~~^    ~~~~~~~~
      |                                    |    |
      |                                    |    long int
      |                                    long int *
      |                                  %ld
Finished building: ../ex_1.c
 
Building target: EX_1.exe
Invoking: MinGW C Linker
gcc  -o "EX_1.exe" ./ex_1.o   
Finished building target: EX_1.exe
 
12:15:33 **** Incremental Build of configuration Debug for project EX_1 ****
make all 
Building file: ../ex_1.c
Invoking: GCC C Compiler
gcc -O0 -g3 -Wall -c -fmessage-length=0 -MMD -MP -MF"ex_1.d" -MT"ex_1.o" -o "ex_1.o" "../ex_1.c"
Finished building: ../ex_1.c
 
Building target: EX_1.exe
Invoking: MinGW C Linker
gcc  -o "EX_1.exe" ./ex_1.o   
Finished building target: EX_1.exe
 
12:15:46 **** Incremental Build of configuration Debug for project EX_1 ****
make all 
Building file: ../ex_1.c
Invoking: GCC C Compiler
gcc -O0 -g3 -Wall -c -fmessage-length=0 -MMD -MP -MF"ex_1.d" -MT"ex_1.o" -o "ex_1.o" "../ex_1.c"
../ex_1.c: In function 'main':
../ex_1.c:44:35: warning: unknown conversion type character '\x0a' in format [-Wformat=]
   44 |                 printf("first = %l\n",first_n);
      |                                   ^~
../ex_1.c:44:24: warning: too many arguments for format [-Wformat-extra-args]
   44 |                 printf("first = %l\n",first_n);
      |                        ^~~~~~~~~~~~~~
../ex_1.c:45:36: warning: unknown conversion type character '\x0a' in format [-Wformat=]
   45 |                 printf("second = %l\n",second_n);
      |                                    ^~
../ex_1.c:45:24: warning: too many arguments for format [-Wformat-extra-args]
   45 |                 printf("second = %l\n",second_n);
      |                        ^~~~~~~~~~~~~~~
Finished building: ../ex_1.c
 
Building target: EX_1.exe
Invoking: MinGW C Linker
gcc  -o "EX_1.exe" ./ex_1.o   
Finished building target: EX_1.exe
 
12:15:57 **** Incremental Build of configuration Debug for project EX_1 ****
make all 
Building file: ../ex_1.c
Invoking: GCC C Compiler
gcc -O0 -g3 -Wall -c -fmessage-length=0 -MMD -MP -MF"ex_1.d" -MT"ex_1.o" -o "ex_1.o" "../ex_1.c"
../ex_1.c: In function 'main':
../ex_1.c:44:34: warning: format '%d' expects argument of type 'int', but argument 2 has type 'long int' [-Wformat=]
   44 |                 printf("first = %d\n",first_n);
      |                                 ~^    ~~~~~~~
      |                                  |    |
      |                                  int  long int
      |                                 %ld
../ex_1.c:45:35: warning: format '%d' expects argument of type 'int', but argument 2 has type 'long int' [-Wformat=]
   45 |                 printf("second = %d\n",second_n);
      |                                  ~^    ~~~~~~~~
      |                                   |    |
      |                                   int  long int
      |                                  %ld
Finished building: ../ex_1.c
 
Building target: EX_1.exe
Invoking: MinGW C Linker
gcc  -o "EX_1.exe" ./ex_1.o   
Finished building target: EX_1.exe
 
12:17:02 **** Incremental Build of configuration Debug for project EX_1 ****
make all 
Building file: ../ex_1.c
Invoking: GCC C Compiler
gcc -O0 -g3 -Wall -c -fmessage-length=0 -MMD -MP -MF"ex_1.d" -MT"ex_1.o" -o "ex_1.o" "../ex_1.c"
Finished building: ../ex_1.c
 
Building target: EX_1.exe
Invoking: MinGW C Linker
gcc  -o "EX_1.exe" ./ex_1.o   
Finished building target: EX_1.exe
 
12:17:09 **** Incremental Build of configuration Debug for project EX_1 ****
make all 
Building file: ../ex_1.c
Invoking: GCC C Compiler
gcc -O0 -g3 -Wall -c -fmessage-length=0 -MMD -MP -MF"ex_1.d" -MT"ex_1.o" -o "ex_1.o" "../ex_1.c"
../ex_1.c: In function 'main':
../ex_1.c:44:36: warning: format '%lli' expects argument of type 'long long int', but argument 2 has type 'long int' [-Wformat=]
   44 |                 printf("first = %lli\n",first_n);
      |                                 ~~~^    ~~~~~~~
      |                                    |    |
      |                                    |    long int
      |                                    long long int
      |                                 %li
../ex_1.c:45:37: warning: format '%lli' expects argument of type 'long long int', but argument 2 has type 'long int' [-Wformat=]
   45 |                 printf("second = %lli\n",second_n);
      |                                  ~~~^    ~~~~~~~~
      |                                     |    |
      |                                     |    long int
      |                                     long long int
      |                                  %li
Finished building: ../ex_1.c
 
Building target: EX_1.exe
Invoking: MinGW C Linker
gcc  -o "EX_1.exe" ./ex_1.o   
Finished building target: EX_1.exe
 
12:17:22 **** Incremental Build of configuration Debug for project EX_1 ****
make all 
Building file: ../ex_1.c
Invoking: GCC C Compiler
gcc -O0 -g3 -Wall -c -fmessage-length=0 -MMD -MP -MF"ex_1.d" -MT"ex_1.o" -o "ex_1.o" "../ex_1.c"
../ex_1.c: In function 'main':
../ex_1.c:44:36: warning: format '%lli' expects argument of type 'long long int', but argument 2 has type 'long int' [-Wformat=]
   44 |                 printf("first = %lli\n",first_n);
      |                                 ~~~^    ~~~~~~~
      |                                    |    |
      |                                    |    long int
      |                                    long long int
      |                                 %li
../ex_1.c:45:37: warning: format '%lli' expects argument of type 'long long int', but argument 2 has type 'long int' [-Wformat=]
   45 |                 printf("second = %lli\n",second_n);
      |                                  ~~~^    ~~~~~~~~
      |                                     |    |
      |                                     |    long int
      |                                     long long int
      |                                  %li
Finished building: ../ex_1.c
 
Building target: EX_1.exe
Invoking: MinGW C Linker
gcc  -o "EX_1.exe" ./ex_1.o   
Finished building target: EX_1.exe
 
12:17:31 **** Incremental Build of configuration Debug for project EX_1 ****
make all 
Building file: ../ex_1.c
Invoking: GCC C Compiler
gcc -O0 -g3 -Wall -c -fmessage-length=0 -MMD -MP -MF"ex_1.d" -MT"ex_1.o" -o "ex_1.o" "../ex_1.c"
Finished building: ../ex_1.c
 
Building target: EX_1.exe
Invoking: MinGW C Linker
gcc  -o "EX_1.exe" ./ex_1.o   
Finished building target: EX_1.exe
 
12:17:34 **** Incremental Build of configuration Debug for project EX_1 ****
make all 
make: Nothing to be done for 'all'.
12:17:41 **** Incremental Build of configuration Debug for project EX_1 ****
make all 
Building file: ../ex_1.c
Invoking: GCC C Compiler
gcc -O0 -g3 -Wall -c -fmessage-length=0 -MMD -MP -MF"ex_1.d" -MT"ex_1.o" -o "ex_1.o" "../ex_1.c"
Finished building: ../ex_1.c
 
Building target: EX_1.exe
Invoking: MinGW C Linker
gcc  -o "EX_1.exe" ./ex_1.o   
Finished building target: EX_1.exe
 
12:17:43 **** Incremental Build of configuration Debug for project EX_1 ****
make all 
make: Nothing to be done for 'all'.
12:17:45 **** Incremental Build of configuration Debug for project EX_1 ****
make all 
make: Nothing to be done for 'all'.
12:18:01 **** Incremental Build of configuration Debug for project EX_1 ****
make all 
Building file: ../ex_1.c
Invoking: GCC C Compiler
gcc -O0 -g3 -Wall -c -fmessage-length=0 -MMD -MP -MF"ex_1.d" -MT"ex_1.o" -o "ex_1.o" "../ex_1.c"
Finished building: ../ex_1.c
 
Building target: EX_1.exe
Invoking: MinGW C Linker
gcc  -o "EX_1.exe" ./ex_1.o   
Finished building target: EX_1.exe
 
12:18:03 **** Incremental Build of configuration Debug for project EX_1 ****
make all 
make: Nothing to be done for 'all'.
12:18:35 **** Incremental Build of configuration Debug for project EX_1 ****
make all 
Building file: ../ex_1.c
Invoking: GCC C Compiler
gcc -O0 -g3 -Wall -c -fmessage-length=0 -MMD -MP -MF"ex_1.d" -MT"ex_1.o" -o "ex_1.o" "../ex_1.c"
Finished building: ../ex_1.c
 
Building target: EX_1.exe
Invoking: MinGW C Linker
gcc  -o "EX_1.exe" ./ex_1.o   
Finished building target: EX_1.exe
 
12:18:37 **** Incremental Build of configuration Debug for project EX_1 ****
make all 
make: Nothing to be done for 'all'.
12:18:44 **** Incremental Build of configuration Debug for project EX_1 ****
make all 
Building file: ../ex_1.c
Invoking: GCC C Compiler
gcc -O0 -g3 -Wall -c -fmessage-length=0 -MMD -MP -MF"ex_1.d" -MT"ex_1.o" -o "ex_1.o" "../ex_1.c"
Finished building: ../ex_1.c
 
Building target: EX_1.exe
Invoking: MinGW C Linker
gcc  -o "EX_1.exe" ./ex_1.o   
Finished building target: EX_1.exe
 
12:18:46 **** Incremental Build of configuration Debug for project EX_1 ****
make all 
make: Nothing to be done for 'all'.
12:19:11 **** Incremental Build of configuration Debug for project EX_1 ****
make all 
make: Nothing to be done for 'all'.
12:19:12 **** Incremental Build of configuration Debug for project EX_1 ****
make all 
make: Nothing to be done for 'all'.
12:19:13 **** Incremental Build of configuration Debug for project EX_1 ****
make all 
make: Nothing to be done for 'all'.
12:19:13 **** Incremental Build of configuration Debug for project EX_1 ****
make all 
make: Nothing to be done for 'all'.
12:19:14 **** Incremental Build of configuration Debug for project EX_1 ****
make all 
make: Nothing to be done for 'all'.
12:19:14 **** Incremental Build of configuration Debug for project EX_1 ****
make all 
make: Nothing to be done for 'all'.
12:19:15 **** Incremental Build of configuration Debug for project EX_1 ****
make all 
make: Nothing to be done for 'all'.
12:19:16 **** Incremental Build of configuration Debug for project EX_1 ****
make all 
make: Nothing to be done for 'all'.
12:19:16 **** Incremental Build of configuration Debug for project EX_1 ****
make all 
make: Nothing to be done for 'all'.
12:19:17 **** Incremental Build of configuration Debug for project EX_1 ****
make all 
make: Nothing to be done for 'all'.
